Edge tuning disabled.
DC filter enabled.
RTL AGC disabled.
Internal AIS decoder enabled.
Buffer size: 163.84 mS
Downsample factor: 64
Low pass: 25000 Hz
Output: 48000 Hz
Found 1 device(s):
  0:  Realtek, RTL2838UHIDIR, SN: 00000001

Using device 0: Generic RTL2832U OEM
Detached kernel driver
Found Rafael Micro R820T tuner
Log NMEA sentences to console ON
AIS data will be sent to 127.0.0.1 port 10110
Tuner gain set to automatic.
Tuned to 162000000 Hz.
Sampling at 1600000 S/s.
Allocating 12 zero-copy buffers
!AIVDM,1,1,,A,170F3h?P00SuBdJ>NMK=;Ovf2<1I,0*71
!AIVDM,1,1,,B,371@8f0P@13twap>LSj5DjL`01=@,0*3E
!AIVDM,1,1,,B,13:gAv001pSor86>TQvm7l6T04BD,0*57
!AIVDM,1,1,,A,18L>UL000TStb=T>SBh1u1Lh0<E>,0*6D
!AIVDM,1,1,,A,170RNn2P00StuQp>M>67U?vf2h=o,0*4D
!AIVDM,1,1,,B,16@P8<PP1D3twMt>NgAEbgvh0<9o,0*18
!AIVDM,1,1,,A,16BNq9?P013fFQ<?F:E@0?vf2H>4,0*5C
!AIVDM,1,1,,B,355Fp45P00SuO38>PjmP0?vf0Do:,0*14
!AIVDM,1,1,,A,15?Wrn30003tv;p>LUm5e3rj0<<d,0*4A
!AIVDM,1,1,,A,177Tr<0uh2SUnI8?@bB0UD>`08>G,0*5A
!AIVDM,1,1,,B,15@LN80000SuOA4>PmS8c6Nf0<<P,0*32
!AIVDM,1,1,,A,19@4U00P01StuJN>M7>ce?vh0PRU,0*32
!AIVDM,1,1,,A,16BOu7=P0oStwFJ>PdjoMgvh2<80,0*3D
!AIVDM,1,1,,B,19NS`SPP?w<tSF0l4Q@>4?wv0f>m,0*5E
!AIVDM,1,1,,A,15QBet3w@0SiI62>l4tHbnjj04BD,0*37
!AIVDM,1,1,,A,18158lh023Sm@ft?5Bjcp9Ph0D<O,0*7D
!AIVDM,1,1,,B,18Ifnj002DSrqWV?4VF:k8bh00S3,0*38
!AIVDM,1,1,,A,155HAr1000Stu1t>MUc@000f2@>p,0*15
!AIVDM,1,1,,B,16BP9W0P00SuAgv>NGMLeOvj2H>s,0*7F
!AIVDM,1,1,,A,17WK5piP003tlO6>Uq<U3wvf0d6O,0*18
!AIVDM,1,1,,B,18TCg60000StATt>U=Ev47vj2<7v,0*19
!AIVDM,1,1,,B,370gRj?P00Su4;N>MJjf4?vj2Btk,0*0B
!AIVDM,1,1,,A,1718kv80003uChB>KKM<Jr0l0@?8,0*4F
!AIVDM,1,1,,B,16UCH@002h3gL5N>sIRr4`6l00Se,0*19
!AIVDM,1,1,,B,H70D`8DU71B=9>0>8B15003H:420,0*1E
!AIVDM,1,1,,B,?Neq`dB6jHoPD00,0*69
!AIVDM,1,1,,B,18156>0P00StuW0>MEAN4?vj2<91,0*5D
!AIVDM,1,1,,B,1815I>@01P3p2st>`Si@L28l0@?G,0*3E
!AIVDM,1,1,,B,1:5c;w0P013u6;n>Rp:t1?vl0<>q,0*75
!AIVDM,1,1,,A,13=S5j001J3shhl>Oope;bjl0<<P,0*76
!AIVDM,1,1,,B,13P=s4@00qSso?D>TW3UE4Dn08?M,0*72
!AIVDM,1,1,,B,170qWD?P?w<tSF0l4Q@>4?wp0t3u,0*42
!AIVDM,1,1,,A,15VLOJ0000Su2W:>MApe6G@l28?U,0*5E
!AIVDM,1,1,,B,36:mUr1000SuQrR>VrFhuG4n0E<:,0*29
!AIVDM,1,1,,A,15WvdT0P003tu>t>M?Fm2Ovj0PSE,0*5B
!AIVDM,1,1,,A,10;iQCgP00Stvwr>M7s:iwvn2<F3,0*74
!AIVDM,1,1,,A,13UF6L002FSw8M@?1K62l2@j00Ri,0*26
!AIVDM,1,1,,B,14`deg8P00Su36p>M3aJSOvn2D9L,0*71
!AIVDM,1,1,,A,155LCf<0003tulF>MJOIoPJp00Rl,0*6E
!AIVDM,2,1,0,B,569s;`82=M:P9052221PTr11F0@tpN2222222216GILDD5re0FjQ@QC8,0*61
!AIVDM,2,2,0,B,0C2H4;lp8888880,2*3D
!AIVDM,1,1,,B,10`3FdOP003u7kr>MaI4lgvn0D<P,0*46
!AIVDM,1,1,,A,1815?w@02;SrpiL>uuR3V30l08@6,0*76
!AIVDM,1,1,,B,171:600P00Su3>h>MEav4?vn24BD,0*3F
!AIVDM,1,1,,B,15SeHH001uSvqDp>q3aAtARr2PSg,0*2C
!AIVDM,1,1,,A,17Ww548001Su<Bd>WIep5@rn04BD,0*6A
!AIVDM,1,1,,A,170RNn2P00StuQh>M>67U?vn2T00,0*33
!AIVDM,2,1,2,A,565qvd42BE:07Td>220P4@W?R22222222222221J1pP565W>06Q3@p88,0*0D
!AIVDM,2,2,2,A,888888888888880,2*26
!AIVDM,1,1,,B,15Owm@002ISnrTb>VI0sSq@r0@@n,0*1A
!AIVDM,1,1,,A,170S20;0003tuVt>M6JM50Rp0<63,0*36
!AIVDM,1,1,,A,13Ik5;0vh3SVbV@?Qes1bDiF00Rv,0*00
!AIVDM,1,1,,A,16@P5D@P1G3u2h<>NFllh?vp08@t,0*5D
!AIVDM,1,1,,A,16KGhT01Ao3r1qB>pDb33RJp0D8<,0*0D
!AIVDM,1,1,,B,1715`n00003kB7t>UaMS7igp2hA2,0*04
!AIVDM,1,1,,B,1:0<;9?0003tu4<>MVLc:Ejr0<:W,0*19
!AIVDM,1,1,,B,1815IA000o3mWVp>K6jEODJt0<>=,0*06
!AIVDM,1,1,,B,13e5e<3000Sq<Jh>bL08jadr08A?,0*62
!AIVDM,1,1,,B,171:263P003tttJ>M@C;>Ovt2HAD,0*05
!AIVDM,1,1,,A,371@8f0P@03twap>LSj:n1Pn01:h,0*7F
!AIVDM,1,1,,A,19?dah000bSt@pV>O58QSQ6r20SJ,0*1F
!AIVDM,1,1,,B,18L5Cd002C3sGqL>N6cWUV2n00ST,0*13
!AIVDM,2,1,9,A,55QeA:02;VUW<E@kR20hTiV098DE`F2222222216H`LD<5of0Alj0DRP,0*0F
!AIVDM,2,2,9,A,B88888888888880,2*57
!AIVDM,1,1,,A,14cudF0000SttPV>MGq008jt0<;1,0*27
!AIVDM,1,1,,B,170ATl001B3svHT>RbieOh0t24BD,0*52
!AIVDM,1,1,,B,170chV5P1kSt6N8>ODoD7gvt20Sw,0*7C
!AIVDM,1,1,,A,155IsH?P03SuAo4>RtrhVOvt2<Gp,0*15
!AIVDM,1,1,,B,403n9s1vEr2UNSS=1F@>vMG000S:,0*7E
!AIVDM,1,1,,B,D03n9s1MeNfp,0*07
!AIVDM,1,1,,A,170g7L0P@53mq5F>;7?Vbo8v0L>m,0*72
!AIVDM,1,1,,A,19NSR<r000Sv31F>TjP2Vj8t24BD,0*6C
!AIVDM,1,1,,A,19E4QT001W3nMh4?8n=DdSg008BK,0*01
!AIVDM,2,1,5,B,55Vul>42Dcc4cP;GC7Dl4>0M8THHTr222222221J2P`1>5bh0;A3@p43,0*3D
!AIVDM,2,2,5,B,lU8888888888880,2*1B
!AIVDM,1,1,,A,3HI:bH1001SuD1H>Rn`oKH2t0000,0*57
!AIVDM,1,1,,B,15`@5n001c3vcDB?1n71tQU00@Bm,0*51
!AIVDM,1,1,,A,15Wnhh8000SuPTd>PrKDlint00SF,0*4C
!AIVDM,1,1,,A,16UCH@002h3gKsR>sIBr4`7000SF,0*29
!AIVDM,1,1,,B,39<@gR1P003uTLB>Uqbqlgvv0000,0*19
!AIVDM,1,1,,A,170?L6;0003u3u8>MIu:CoA20l;>,0*15
!AIVDM,1,1,,A,17fu83AP?w<tSF0l4Q@>4?wv0d88,0*25
!AIVDM,1,1,,A,165qvd0000Stth`>MG38HS?22<7A,0*7D
!AIVDM,1,1,,B,18JFUh0029Sl0<@?7W>TpSrv0<:l,0*2D
!AIVDM,1,1,,B,35@@sn5001Sf:2`?9hn2b8:v0Dkb,0*3E
!AIVDM,1,1,,B,19NSJTP01u3wPS6>s=w1B12D0HCW,0*24
!AIVDM,1,1,,A,15@LN80000SuOA4>PmS8c6O20HCe,0*5A
!AIVDM,1,1,,B,16BNq9?P013fFQ<?F:E@0?w22<87,0*7B
!AIVDM,1,1,,B,15?Wrn30003tv;p>LUm68Ss40D<f,0*52
!AIVDM,1,1,,A,171@8f0P@13twap>LSj:nivv0<=E,0*3D
!AIVDM,1,1,,B,19NSVHk0003u07h>Lf9usac208Cq,0*7D
!AIVDM,1,1,,A,13:gAv001pSorAT>TQ2U846r0L3d,0*6B
!AIVDM,1,1,,B,170F3h?P03SuBe6>NM?ddgw420Re,0*46
!AIVDM,1,1,,B,16BOu7=P0nStwE`>PdAWJgw42<80,0*5F
!AIVDM,1,1,,B,1815OG@01u3v01p>q;VAGi760DD=,0*61
!AIVDM,1,1,,A,19NSJG@0003uNuJ>Pidn3VU600Sj,0*4B
!AIVDM,1,1,,B,155EN>001CSwOLV>ut0211Vv0<=D,0*4A
!AIVDM,1,1,,B,36tf>2000:3f;:`?9i05pTe60VOC,0*77
!AIVDM,1,1,,B,38K@hJ50003tulT>MNEUkUq60DSJ,0*31
!AIVDM,1,1,,B,1:0B1h0P013tjuv>VU<W2Owp2`D:,0*4A
!AIVDM,2,1,1,B,5815;=h2?KDQKMLGF20BHf1UE=DJ0Vp4hLP4pTmIC@SD<5r40ED3lU84,0*1A
!AIVDM,2,2,1,B,PDj2A8888888880,2*13
!AIVDM,1,1,,B,170Bvb?wP0Stu6t>M4f1Cpm40@DB,0*71
!AIVDM,1,1,,A,15Owm@002ISnrLd>VIKcR9A608DC,0*31
!AIVDM,1,1,,B,155>9N80003tD@h>UCBaW7w00@DJ,0*2C
!AIVDM,1,1,,A,185K?KPP01Su3f4>Rri:tOw60<BO,0*55
!AIVDM,1,1,,B,E>lUV5ic`IP0000000000000000ApkGG7IcfhN3kkkv010,0*6F
!AIVDM,1,1,,A,198Vim00003s>1h>HOf8N`?800RE,0*3A
!AIVDM,1,1,,A,16@P8<PP1D3twS@>NfMmQ?w60@Dd,0*2A
!AIVDM,1,1,,A,39NSShA0P0SUufv?@KoHrUUJ0Dg:,0*7A
!AIVDM,1,1,,B,371@8f00003twap>LSj8SDI001<P,0*5F
!AIVDM,1,1,,B,19NSRP0000Ss6GV>IEGo3`Q800Sj,0*2C
!AIVDM,1,1,,B,16tN6j002?3rNQ@>Hnmkwk;808Dl,0*76
!AIVDM,1,1,,A,170gRj?P00Su4;D>MJkv4?w62<7s,0*69
!AIVDM,1,1,,A,170RNn2P00StuQf>M>7WU?w62l6@,0*4B
!AIVDM,1,1,,A,19NS`SPP?w<tSF0l4Q@>4?wv0f>n,0*5E
!AIVDM,1,1,,B,1718kv80003uChL>KKLdJr1800Sm,0*07
!AIVDM,1,1,,B,13ku9LP1B0Ssbcl>S327B5k48<Eu,0*55
!AIVDM,1,1,,B,18Uh`J00013uIAJ>Rd1q?8W800S9,0*74
!AIVDM,1,1,,B,1815?w@02;Srpt4>uuOSV33404BD,0*4A
!AIVDM,1,1,,A,B6BNBo00F@wFj63`hGUS7wj5kP06,0*40
!AIVDM,1,1,,B,10;iQCgP00Stvwr>M7s:hOw:2<F1,0*19
!AIVDM,1,1,,A,15?>qB001dSpcJr>rncK`aGb00SA,0*01
!AIVDM,2,1,3,B,58RB38T2DS=UC9Hc@0185L48V3?;00000000000l1Hi971O7N;A3@p15,0*1E
!AIVDM,2,2,3,B,@PB@00000000000,2*36
!AIVDM,1,1,,B,16?Um9O000Su0Ip>Ln7C5qo800Rv,0*13
!AIVDM,1,1,,A,1:5c;w0P013u6<0>Rp;srOw:0@EM,0*76
!AIVDM,1,1,,B,15VLOJ00P0Su2Wh>MAnu9WA82<7:,0*48
!AIVDM,1,1,,B,155HAr1000Stu1r>MUcP00122D5l,0*46
!AIVDM,1,1,,A,14`deg8P00Su36h>M3`rQOw:20Rf,0*31
!AIVDM,1,1,,A,3815H?Q0013t43T>Q3:FkJW:0E7:,0*3E
!AIVDM,1,1,,A,13P=s4@00qSsoCP>TVSUE4E:00RW,0*52
!AIVDM,1,1,,A,170?oL0P00StRA8>U0`U:Ow62@Em,0*60
!AIVDM,1,1,,A,371@8f00003twap>LSj4>lI400TP,0*78
!AIVDM,1,1,,A,171:600P00Su3>h>MEa>4?w:2<<2,0*21
!AIVDM,1,1,,A,160ksP002>3oS74>mIk493E:0D<O,0*6E
!AIVDM,1,1,,B,35QF@P1000SttpL>S8<5qWe60000,0*63
!AIVDM,1,1,,B,15TAI430013uI`V>Rucs9Gw<0DAP,0*2B
!AIVDM,1,1,,A,1:0<;9?0003tu4D>MVNK:Em<04BD,0*62
!AIVDM,1,1,,A,15SeHH001uSvqMP>q4@Qt1S>2PSQ,0*3B
!AIVDM,1,1,,B,15WvdT0P003tu?8>M?Fsbww:0pFL,0*0E
!AIVDM,1,1,,B,16UCH@002h3gKiV>sI2r4`7<0L<P,0*4D
!AIVDM,1,1,,B,13Ik5;0003SVbVJ?Qetic4ib08FR,0*25
!AIVDM,1,1,,A,177FoG001t3mtqP?44AT43I:04BD,0*6B
!AIVDM,1,1,,A,370TcN0P01SuOEL>Pw?f4?w<200k,0*33
!AIVDM,1,1,,B,3H158UjP003u0Jj>LdCmOOw62000,0*20
!AIVDM,1,1,,B,170A`f8P003t`NB>W3ASW?w<2<7o,0*2A
!AIVDM,1,1,,B,35WC;J5P00Su3tT>MIpv4?w<2DJr,0*24
!AIVDM,1,1,,A,171:263P003tttL>M@Bs:gw>2D>E,0*5C
!AIVDM,1,1,,B,1815<HP020Sm4l8?5N`DuSs<0TBD,0*0B
!AIVDM,1,1,,B,19?dah000b3t@qF>O5Q1MQ5>24BD,0*2E
!AIVDM,1,1,,B,1:0NbF0P003t=M8>U:dSROw>08G7,0*51
!AIVDM,1,1,,B,16?Um500233sBEd?4<=rc`U@00SU,0*5A
!AIVDM,1,1,,A,17WMh@00043fSkN?GfVA795@0D=K,0*45
!AIVDM,1,1,,B,15V0qj0001St6sn>P0g9OIm@0<Ah,0*5F
!AIVDM,1,1,,B,170S20;0003tuVt>M6JM50S<08G?,0*01
!AIVDM,1,1,,A,170RNn2P00StuQP>M>6oU?w>2d6@,0*44
!AIVDM,2,1,1,B,59C6vJ42Bh28E@8B22084PU:0@5:22222222221@C0SC=5lV0Bj0CDRF,0*6C
!AIVDM,2,2,1,B,@B83l3888888880,2*70
!AIVDM,1,1,,B,17f6Gc00003u3Dt>SArSKGS<2hGB,0*23
!AIVDM,1,1,,B,3G0tNr300USmdGT>7pLbKAK:2000,0*28
!AIVDM,1,1,,B,171@8f00003twap>LSj8@lI<00Rt,0*21
!AIVDM,1,1,,B,15C3pv0P013u3;J>Stu5Fwwv04BD,0*59
!AIVDM,1,1,,B,1815?Rh0iOSi>P@=rfd0k@a@0<?=,0*56
!AIVDM,1,1,,A,18I10J0v@03tuf0>MJjUE@Q>00S4,0*74
!AIVDM,1,1,,B,170g7L0P@53mq5P>;7;VWo5B00SQ,0*42
!AIVDM,1,1,,A,D03n9s0fmNfp,0*26
!AIVDM,1,1,,A,16tN6j002?3rN`0>HncSwk;B04BD,0*5A
!AIVDM,1,1,,B,19E4QT001W3nMoh?8mg4fSgB08H3,0*72
!AIVDM,1,1,,A,18SJPSP005SuBWp>QVJE2Bo>0DH?,0*07
!AIVDM,1,1,,B,14cudF0000SttPT>MGpP08kD0@H<,0*74
!AIVDM,1,1,,B,1567=l0000Stuk6>MICbRPED28H=,0*19
!AIVDM,1,1,,B,19NSB1B0003tuk:>MJnW0hO@00S=,0*6B
!AIVDM,1,1,,B,170?4RHP02SuPc<>Prw6@gwD20Rb,0*02
!AIVDM,1,1,,A,171<:khP00SuPWp>Pr>Rdgw@0<68,0*53
!AIVDM,2,1,5,A,55B@0b01mp6;<I0s>20`484j04hV3N22222222162b<<<40Ht0000000,0*4D
!AIVDM,2,2,5,A,000000000000000,2*21
!AIVDM,1,1,,B,365cI650003tthr>MGt7C3ED0E9b,0*0D
!AIVDM,1,1,,B,18L5Cd002C3sGlP>N4g7UV3@04BD,0*5E
!AIVDM,1,1,,A,15`@5n001c3vcLD?1nmQtAUF04BD,0*5D
!AIVDM,1,1,,A,17f6E@@0R@3r?B2?4rVJkHgD04BD,0*7E
!AIVDM,2,1,8,A,56?Uku02>bPd5MPJ221<584pL62222222222221A?hE@85rP0GiUBPBD,0*0E
!AIVDM,2,2,8,A,PB8888888888880,2*3E
!AIVDM,1,1,,A,16BOu7=P0nStwE8>Pch7EOwF24BD,0*19
!AIVDM,1,1,,A,1815OG@01u3v07R>q<RiGA7F0DD=,0*35
!AIVDM,1,1,,B,165qvd0000Stth`>MG38HS?F24BD,0*72
!AIVDM,1,1,,A,15QpSl3000Stu9l>Mb9GKP7D2@IF,0*42
!AIVDM,1,1,,B,19NSG5001K3meDt?4:0TaSa@0@IK,0*07
!AIVDM,1,1,,A,155>9N80003tD@h>UCBaW7w@08IU,0*35
!AIVDM,1,1,,B,13:gAv001pSorID>TPA5847<08IV,0*11
!AIVDM,1,1,,A,34h?Kp5000Su0rp>M5bf4;?p0lVr,0*26
!AIVDM,1,1,,A,12vg200000Su8o`>M@8v48aF28Ih,0*5A
!AIVDM,1,1,,A,15`<g00P00St11p>OClf4?wF20S`,0*2D
!AIVDM,1,1,,B,15@LN80000SuOA4>PmS8c6OB0@Ij,0*24
!AIVDM,1,1,,A,15?Wrn30003tv;p>LUm6QSsH00S@,0*79
!AIVDM,1,1,,A,18L>UL000TStbC>>SCBQw1MH0<E<,0*13
!AIVDM,1,1,,B,185K?KPP01Su3f2>RrhrTgwH04BD,0*6C
!AIVDM,1,1,,B,E>lUBoiR8I00000000000000000ApclH7J2e@N3kkiv000,0*7E
!AIVDM,1,1,,B,170gRj?P00Su4;>>MJkf4?wH2<7v,0*7B
!AIVDM,1,1,,A,1:0B1h0P013tjuv>VU;G2Owp2d<B,0*5A
!AIVDM,1,1,,A,155EN>001CSwOSP>ut`20AWD0HJ8,0*3D
!AIVDM,1,1,,A,16UCH@002h3gKWb>sHjr4`7H00SA,0*6B
!AIVDM,1,1,,A,370F3h?P00SuBdp>NM@Lg?wH2CB3,0*46
!AIVDM,1,1,,A,17WK5piP003tlO:>Uq<57gwD0l6e,0*61
!AIVDM,1,1,,A,170Bvb?wP0Stu70>M4fACpmH08JE,0*4A
!AIVDM,1,1,,B,1:5c;w0P013u6;v>Rp;L=gwJ04BD,0*66
!AIVDM,1,1,,B,39NSJG@0003uNuH>Pif`5VUJ02ti,0*18
!AIVDM,1,1,,A,18ISob001s3t4lt?3=cJf8P<0<94,0*3A
!AIVDM,1,1,,A,16BbiC8P00SuC5<>NUKv4?wJ20Sh,0*38
!AIVDM,1,1,,B,18TCg60000StAU:>U=E>47wJ24BD,0*70
!AIVDM,1,1,,A,155HAr1000Stu1r>MUc@001F2HJm,0*53
!AIVDM,1,1,,B,18156>0P00StuW0>MEAN4?wJ20Sq,0*5A
!AIVDM,1,1,,A,16?Um9O000Su0Il>Ln7S5qoJ04BD,0*48
!AIVDM,1,1,,B,1815I>@01P3p2wD>`UlhJ27L0<<P,0*60
!AIVDM,1,1,,A,1815?w@02;Srq9P>uuJS`S3H00S<,0*23
!AIVDM,1,1,,B,15Wn9d3000Ses7j?;dtKdSWL00S3,0*4D
!AIVDM,1,1,,A,13ku9LP020SsbbT>S1S7AmkJ8<Es,0*5E
!AIVDM,1,1,,B,15?>qB001dSpcAb>ro>s`qH60D<P,0*3C
!AIVDM,1,1,,B,16tN6j002?3rNgr>HnNkwk;N04BD,0*05
!AIVDM,1,1,,A,10;iQCgP00Stvwt>M7sJg?wN28KP,0*0F
!AIVDM,1,1,,B,13P=s4@00qSsoGD>TV6mE4EN08KS,0*7D
!AIVDM,1,1,,A,1718kv80003uChP>KKLdJr1N04BD,0*52
!AIVDM,1,1,,A,16:218001m3w3Th?6fAb7`9N00Sa,0*69
!AIVDM,1,1,,A,13=S5j001K3shb>>OqpMEbqN00R8,0*54
!AIVDM,1,1,,A,33lL6b10003s>R6>WQDu7DaP0D`J,0*5C
!AIVDM,1,1,,B,10`3FdOP003u7l<>MaHAgwwN0@Kj,0*08
!AIVDM,1,1,,A,3815<i500040U9N>o>=t5H`v0000,0*12
!AIVDM,2,1,6,A,5:5dNJ42=uWgDToO3:1TDe@63B22222222222216:0?3;5pa0<RQ@PC0,0*3F
!AIVDM,2,2,6,A,C2H888888888880,2*23
!AIVDM,1,1,,A,155LCf<0003tum2>MJQaoPKP04BD,0*30
!AIVDM,1,1,,A,170RNn2P00StuQP>M>7oU?wN2PS;,0*1F
!AIVDM,1,1,,A,16LavB001WSuC5D?4CUb685P0HL7,0*5D
!AIVDM,1,1,,A,18L5Cd002C3sGjd>N3voUV3J0D<P,0*31
!AIVDM,1,1,,B,17f6E@@v2@3r?9h?4re:k`gP0<<P,0*67
!AIVDM,1,1,,A,17f6Gc00003u3Dt>SArSKGSN2hLR,0*49
!AIVDM,1,1,,B,18Ifnj002DSrq5H?4Vj:k8cN04BD,0*2D
!AIVDM,1,1,,A,3ERnDt3000SkW5H>Jats?0oN0000,0*71
!AIVDM,1,1,,B,1815>kP000SenH:?;H;<FaoT00Rk,0*59
!AIVDM,1,1,,B,15SeHH001uSvqU>>q5@1tAST2hLq,0*32
!AIVDM,1,1,,B,19?rsl00013tURP>S@`V?7sR0D<O,0*5B
!AIVDM,1,1,,B,1:0<;9?0013tu4P>MVO;:EmR0L:c,0*4C
!AIVDM,1,1,,A,14cudF0000SttPR>MGp@08kT0@M;,0*73
!AIVDM,1,1,,A,15TAI430013uI``>Ruc;9GwT0@M>,0*58
!AIVDM,1,1,,A,16KGhT001o3r2A<>pE<33jKR04BD,0*07
!AIVDM,1,1,,B,16UCH@002h3gKMf>sHSb4`7T04BD,0*53
!AIVDM,1,1,,A,15V0qj0002St6sV>P0ealIoV04BD,0*2D
!AIVDM,1,1,,B,403n9s1vEr2UjSS=1F@>vMG000S:,0*5A
!AIVDM,1,1,,B,D03n9s0fmNfp,0*25
!AIVDM,1,1,,A,1815<HP020Sm50`?5MnDuSsT0hMj,0*75
!AIVDM,1,1,,B,19NSJrh01t3puPn>qH0JuHo00L<P,0*12
!AIVDM,1,1,,A,16?Um500233sB7j?4<E:d`UV08Ml,0*2B
!AIVDM,1,1,,B,1815Le@01s3i?KL>5HtW9UkR04BD,0*66
!AIVDM,1,1,,A,39C6vJ1001St88h>`9TqCkkV0D`r,0*1B
!AIVDM,1,1,,B,38J9a`50003uOfP>Q0UsG7MV0Dor,0*1D
!AIVDM,2,1,0,A,570APr02<8nh7HG;;OTA@60@D4r04pA8EN22220l1@S2:0c60643lU4P,0*6B
!AIVDM,2,2,0,A,Dj2A88888888880,2*79
!AIVDM,1,1,,B,171<:khP00SuPWT>Pr:jdgwR04BD,0*5A
!AIVDM,1,1,,A,17fu83AP?w<tSF0l4Q@>4?wv0PSg,0*25
!AIVDM,1,1,,B,171@8f0Oh03twap>LSj7f4GR0D=E,0*3D
!AIVDM,2,1,6,B,57f6H3h282:HGEG?W7Q8DDn3800000000000001@6h>554q90:4j0DRP,0*72
!AIVDM,2,2,6,B,B00000000000000,2*53
!AIVDM,2,1,2,A,59NSSPP2?AiTCEHGF20hDtr050thhtr22222221@GhV;E5qo0D2Q@QC8,0*16
!AIVDM,2,2,2,A,0C2H88888888880,2*2F
!AIVDM,1,1,,A,3567=l0000Stuk<>MI?JQhE`27FC,0*26
!AIVDM,1,1,,A,170RNn2P00StuQV>M>8GU?wV2PS1,0*2C
!AIVDM,1,1,,A,165qvd0000Stth`>MG38HS?b24BD,0*55
!AIVDM,1,1,,A,15TU>V0100StiPb>W5l602ON0@Km,0*65
!AIVDM,1,1,,A,15Wnhh8000SuPTB>PrLTlioT04BD,0*4B
!AIVDM,1,1,,B,15Owm@002ISnr3J>VJiKRqAb0LFq,0*32
!AIVDM,1,1,,A,13:gAv001pSorQt>TOJE847P0@O<,0*26
!AIVDM,1,1,,B,170F3h?P00SuBdn>NM@tegwb2@OE,0*69
!AIVDM,1,1,,A,371@8f0Oh03twap>LSj;vDGV019@,0*20
!AIVDM,1,1,,B,39NSPe1w@0SwndR>r>s=RpmJ0Dg:,0*5D
!AIVDM,1,1,,B,15QpSl3000Stu9j>Mb9HEh7`24BD,0*27
!AIVDM,1,1,,A,185K?KPP02Su3f0>Rrhr4gwd0DBR,0*44
!AIVDM,1,1,,B,176tJI0021Spujd>wc@3i2qd08OP,0*39
!AIVDM,1,1,,B,15?Wrn30003tv;p>LUm6u3sd0HOQ,0*67
!AIVDM,1,1,,B,18L5Cd002D3sGhV>N347Un3V08OW,0*33
!AIVDM,1,1,,A,33csSO5000Su2R`>MLQ<Ro?`8DVJ,0*59
!AIVDM,1,1,,A,170?L6;0003u3u8>MIrJCo?d0pOg,0*7B
!AIVDM,1,1,,A,39@6uF58003uBif>NcHv49id0JKh,0*1B
!AIVDM,2,1,4,A,5714n401gVfD7HG?3CPAD84V1<P4@uN22222220t2`r486Rf0;Q3@oi6,0*75
!AIVDM,2,2,4,A,0`8888888888880,2*70
!AIVDM,1,1,,B,13B@nB00353u870>gAIRMiud0<7k,0*10
!AIVDM,1,1,,A,198Vim00003s>1h>HOf8N`Af04BD,0*0F
!AIVDM,1,1,,B,33ku9LP021SsbaD>S0JWB5kb85n3,0*24
!AIVDM,1,1,,A,15CMQV300?3rEvt>E4gP3:uf08P1,0*2A
!AIVDM,2,1,6,B,59?rsl01uIVDCH7;KO@4hEP4p@E:3>222222220l1@D:15qG`6hDp4mE,0*6A
!AIVDM,2,2,6,B,hBDKB1VcU@AH880,2*5E
!AIVDM,1,1,,A,170APr00003ssrd>Q8JeL8Qb00RU,0*6E
!AIVDM,1,1,,B,171DUp8P00StuP0>MEAc7?w`0@P;,0*39
!AIVDM,1,1,,A,17f6E@@vR@3r?1L?4rlJk`gd08P>,0*63
!AIVDM,1,1,,B,16BbiC8P00SuC5D>NUKN4?wd2@PA,0*0F
!AIVDM,1,1,,B,17WK5piP003tlO<>Uq;m:?w`0d6k,0*4C
!AIVDM,1,1,,A,19NSJG@0003uNuH>Pig30VUf0<Cd,0*56
!AIVDM,1,1,,B,17WMHl0P053ghUB?8UBCkOwf08PL,0*21
!AIVDM,1,1,,A,38KNOD50003uOdp>Q0qc3GQh0DqJ,0*74
!AIVDM,1,1,,B,371@8f0Oh03twap>LSj33DGb00W@,0*35
!AIVDM,1,1,,A,18TCg60002StATt>U=HE;owf28PO,0*26
!AIVDM,1,1,,A,38R?RvU0003tu;:>MG8J@`oh0E1J,0*5D
!AIVDM,1,1,,A,16BP9W0P00SuAhH>NGC=A?wf2D7J,0*57
!AIVDM,1,1,,A,1:5c;w0P013u6;p>Rp<<fgwh0<>q,0*2C
!AIVDM,1,1,,B,15VLOJ0wh0Su2WV>MAqe27Ah2D7@,0*3F
!AIVDM,1,1,,B,18ISob001t3t4Wr?3=jJfHPT08Pn,0*25
!AIVDM,1,1,,A,171:600P00Su3>`>MEav4?wf2D<3,0*44
!AIVDM,1,1,,B,18KCgl300OSs1ct>PWF`tW?d0<8:,0*3C
!AIVDM,1,1,,B,1718563P?w<tSF0l4Q@>4?wh0`Pv,0*7A
!AIVDM,1,1,,B,1718kv80003uChT>KKLdJr1j08Pw,0*5C
!AIVDM,1,1,,A,13P=s4@00qSsoK:>TUamE4Ej0HQ:,0*7F
!AIVDM,1,1,,B,B70pM6000@w@NpSWAourswtUSP06,0*1F
!AIVDM,1,1,,A,170qWD?P?w<tSF0l4Q@>4?wp0d3w,0*53
!AIVDM,1,1,,A,18QdE7001R3sL;l>Hf2VBlwj04BD,0*15
!AIVDM,2,1,8,B,59@6uF81gn?PCH7;SOT55D60mU@R0000000000152QQ996`>`:B0CDRF,0*7A
!AIVDM,2,2,8,B,@B0000000000000,2*2D
!AIVDM,1,1,,A,H9@6uF55C=D<COi4n1jpoq2QQ994,0*18
!AIVDM,1,1,,A,18156>0P00StuW0>MEAv4?wh20RW,0*64
!AIVDM,1,1,,A,1815I>@01P3p30v>`VuPHB5j08QO,0*15
!AIVDM,1,1,,B,H9@6uF55C=D<COi4n1jpoq2QQ994,0*1B
!AIVDM,1,1,,A,171@8f0Oh03twap>LSj=JlGd08QT,0*77
!AIVDM,1,1,,B,1815?w@02;SrqIL>uu@S`S5f0<;J,0*7C
!AIVDM,1,1,,B,155LCf<0003tumD>MJPqoPKl00ST,0*6D
!AIVDM,1,1,,B,35?K2`10003tpV4>W4pVu2Ij0000,0*4E
!AIVDM,1,1,,B,18Uh`J00003uIAP>Rd3I?8Wl04BD,0*69
!AIVDM,1,1,,B,16@P5D@P1G3u34d>NEGljOwj04BD,0*24
!AIVDM,1,1,,A,177FoG001t3mu@`?43TT6SIj04BD,0*4B
!AIVDM,1,1,,A,17WMh@00043fSlL?Gfbi4I5n00SP,0*00
!AIVDM,2,1,5,B,5718kv0000007HG?77=<P5L4J0AD84V22222220`2PD544vS:7SCkk`2,0*20
!AIVDM,2,2,5,B,Dk8888888888880,2*0D
!AIVDM,1,1,,A,19?rsl00013tURN>S@`VPGsl0<<P,0*00
!AIVDM,1,1,,B,170S20;0003tuVt>M6JM50Ql00S6,0*46
!AIVDM,1,1,,B,19?dah000b3t@v0>O6>1MA5n2@R`,0*33
!AIVDM,1,1,,A,15SeHH001uSvqep>q5rQtAR02pRa,0*6E
!AIVDM,1,1,,B,1714VL0000Su4ar>M>dA12Wj08Rf,0*57
!AIVDM,1,1,,A,15WBop001kShn4`>70WR<1en04BD,0*4B
!AIVDM,1,1,,A,18I10J02P03tuel>MJjUE@Ql08Rm,0*7D
!AIVDM,1,1,,B,15`1kj0P00Su43p>MJJ>4?wn20RJ,0*05
!AIVDM,1,1,,B,371@8f0Oh03twap>LSj;lDGl0190,0*73
!AIVDM,1,1,,A,170RNn2P00StuQf>M>97U?wn2pRu,0*30
!AIVDM,1,1,,B,17f6Gc00003u3Dt>SArSKGSn2l3;,0*78
!AIVDM,1,1,,B,1815<HP020Sm59`?5Ls4uSsn0d6>,0*0A
!AIVDM,1,1,,B,16KGhT001o3r2LH>pEN33jKn080?,0*36
!AIVDM,1,1,,B,35V0qj0001St6sV>P0gqeqn206sk,0*75
!AIVDM,2,1,5,B,59NRwnH2:MtpDi=c@00m85LDP00000000000001@Ki4HH=q44GRC`26P,0*61
!AIVDM,2,2,5,B,OPAH160P0000000,2*53
!AIVDM,1,1,,A,18L5Cd002D3sGf<>N1wGUn3l0H0I,0*4E
!AIVDM,1,1,,B,170g7L0P@53mq5n>;74FRnr20<>m,0*0D
!AIVDM,1,1,,B,17f6E@@0R?3r>q8?4rsrkHf00D<P,0*48
!AIVDM,1,1,,B,14cudF0000SttPT>MGp008j204BH,0*69
!AIVDM,1,1,,A,160ksP002>3oSUd>mHgT93D20D<O,0*38
!AIVDM,1,1,,A,19NSJrh01u3puCj>qHBJuHoH080e,0*40
!AIVDM,1,1,,A,15`@5n001c3vcbj?1p:Qt1T40<C6,0*6C
!AIVDM,1,1,,A,371@8f0Oh03twap>LSj4SlGn00`0,0*32
!AIVDM,1,1,,B,19NSB1B0003tujv>MJoG0hN004BH,0*26
!AIVDM,1,1,,A,3HR?RvU0003tu;:>MG8J@`oh0000,0*23
!AIVDM,1,1,,A,170ATl001C3svBN>ReO=N0022D80,0*58
!AIVDM,1,1,,A,E>lUV4iR8J00000000000000000ApW7I7LFUpN3kkkv010,0*2E
!AIVDM,1,1,,A,E>lUV51`8HP0000000000000000ApciA7J1S`N3kkkv010,0*22
!AIVDM,1,1,,B,1:0Qah501AStu@l>`D96:Tin281h,0*62
!AIVDM,1,1,,A,176tJI0021SpuuD>wc:SiBp60@1j,0*00
!AIVDM,1,1,,B,165qvd0000Stth`>MG38HS>620S2,0*60
!AIVDM,1,1,,B,H8tOIp1=D<<E=>2222222222220,0*69
!AIVDM,1,1,,A,15?Wrn30003tv;p>LUm7A3r60<<W,0*03
!AIVDM,1,1,,B,H8tOIp5J93?4>R5m9=Pkio28A440,0*5F
!AIVDM,1,1,,B,E>lUV5Ac`HP0000000000000000ApaN47JUfhN3kkkv010,0*03
!AIVDM,1,1,,B,13:gAv001pSorbV>TNSU7l7n0D3d,0*75
!AIVDM,1,1,,B,370Fhn0P00Stubh>M6BWJOv62RpQ,0*3D
!AIVDM,1,1,,B,171@8f0Oh03twap>LSj02TF200S2,0*02
!AIVDM,1,1,,A,170RNn2P00StuQj>M>9WU?v62TBH,0*0C
!AIVDM,1,1,,A,1815OG@01u3v0Fb>q?21FQ6:00SG,0*3A
!AIVDM,1,1,,B,198Vim00003s>1h>HOf8N`@:00SA,0*41
!AIVDM,1,1,,B,15@LN80000SuOA4>PmS8c6N600S<,0*6D
!AIVDM,1,1,,A,17WK5piP013tlO>>Uq;U>?v60p2U,0*09
!AIVDM,1,1,,A,15QBet30@0SiI62>l4tKa6j:00Rr,0*5A
!AIVDM,1,1,,A,155EN>001CSwOh6>uufR1QV404BH,0*63
!AIVDM,1,1,,A,15QpSl3000Stu9j>Mb9GV@6624BH,0*4B
!AIVDM,1,1,,A,19NSJTP01u3wPoF>sAb1B13B00R4,0*0F
!AIVDM,1,1,,A,18158lh023Sm@4h?5F2;maP604BH,0*25
!AIVDM,1,1,,A,170F3h?P00SuBdp>NM@LfOv82<1O,0*34
!AIVDM,1,1,,A,385NRGQ0013soML>Q9FiRph:0P00,0*64
!AIVDM,1,1,,A,D04LS001DLfp00M6Dmtu6D0,0*47
!AIVDM,1,1,,B,170APr00003ssrP>Q8I:F`R60830,0*0C
!AIVDM,1,1,,A,18KCgl300OSs1ar>PW:8uG>60831,0*59
!AIVDM,1,1,,B,170gRj?P00Su4;B>MJkN4?v:24BH,0*1F
!AIVDM,1,1,,B,35?0rh50003pTV0>3Otu2Cr80Dg:,0*13
!AIVDM,1,1,,A,155HAr1000Stu1h>MUeh0006283:,0*48
!AIVDM,1,1,,B,B6BNBo00F@wFl@S`geISwwRUoP06,0*7E
!AIVDM,1,1,,B,18TCg60000StAU4>U=CN47v:283?,0*7F
!AIVDM,1,1,,B,15Owm@002JSnqk`>VKc;Sq@<00Ra,0*1D
!AIVDM,2,1,6,B,5717iT4000007HG?3WM8DDn3622222222222220U4@93640Htwh00000,0*58
!AIVDM,2,2,6,B,000000000000000,2*21
!AIVDM,1,1,,A,35>p0L1P003u9:l>T4:lOwv<0Jih,0*5B
!AIVDM,1,1,,B,18L5Cd002D3sGdR>N1>GUn260<<P,0*52
!AIVDM,1,1,,A,8FBiKo00G@:?>G1?6600,0*22
!AIVDM,1,1,,B,15?>qB001dSpbw@>rpFKaaHf0@3c,0*0F
!AIVDM,1,1,,B,14`deg8P00Su36R>M3arKgv>24BH,0*04
!AIVDM,1,1,,B,33UgKR10003h@?4=wGw7iUL80000,0*1A
!AIVDM,1,1,,B,13P=s4@10qSsoNr>TU=EEDD>0@3m,0*5C
!AIVDM,1,1,,A,155LCf<0003tumN>MJOaoPJ>0D<d,0*13
!AIVDM,1,1,,B,171:600P00Su3>`>MEav4?v<24BH,0*69
!AIVDM,1,1,,A,10;iQCgP00Stvwv>M7s:f?v>20SF,0*0B
!AIVDM,1,1,,A,17f6E@@0j?3r>hn?4s3:kHf<00S4,0*46
!AIVDM,1,1,,A,16?Um9O000Su0Id>Ln935qn<084>,0*59
!AIVDM,1,1,,A,1718kv80003uChT>KKLdJr0@084?,0*58
!AIVDM,1,1,,B,160ksP002>3oSel>mHN493D>0<<O,0*3E
!AIVDM,1,1,,A,15WvdT0P003tu?>>M?Fa`?v<0dBN,0*46
!AIVDM,1,1,,B,11mg=5OP003u0NV>M5hv4;@>0@4C,0*78
!AIVDM,1,1,,B,371@8f00013twap>LSj:H4F800U@,0*48
!AIVDM,1,1,,A,H6=m>NQ<P4484p0000000000000,0*09
!AIVDM,1,1,,B,18QdE7001S3sL?h>HdmFB4t@0DA6,0*2A
!AIVDM,1,1,,A,1718563P?w<tSF0l4Q@>4?v>0h4J,0*7E
!AIVDM,1,1,,B,10`3FdOP003u7lP>MaH2O?v>04BH,0*59
!AIVDM,1,1,,A,170RNn2P00StuQj>M>:7U?v>2d6@,0*2B
!AIVDM,1,1,,A,15`1kj0P00Su440>MJJ>4?v@2L5w,0*48
!AIVDM,1,1,,B,16?Uku001m3q2A8>pqlkUjnB04BH,0*26
!AIVDM,2,1,9,B,58156>42>:JMKLq7B204hhT4qb0DhU`48E@R220U1@P44tDh001j0Dj0,0*46
!AIVDM,2,2,9,B,H88888888888880,2*5E
!AIVDM,1,1,,B,B6@P6Lh0Dhw?D;SWiU=Skwv6kP06,0*4F
!AIVDM,1,1,,A,15Do0:00283tJK8?301:Ap<B085?,0*0D
!AIVDM,1,1,,B,1:0<;9?0013tu60>MVfK:ElB0H5B,0*4C
!AIVDM,1,1,,A,15TAI430013uI`H>Rudc9GvD00SK,0*25
!AIVDM,1,1,,A,370S20;0003tuVt>M6JM50P@00>3,0*02
!AIVDM,1,1,,A,16@P5D@P1H3u3<v>NDf4pwvB00Rf,0*77
!AIVDM,1,1,,A,15V0qj0001St6sV>P0jIeqpD0@5O,0*3D
!AIVDM,1,1,,B,13e5e<3000Sq<Jh>bKu`jad@00Rk,0*05
!AIVDM,1,1,,B,38LPqD10003uFrR>RjanLHND0E=r,0*1B
!AIVDM,1,1,,B,171:263P003ttsr>M@GK9gvD2@5U,0*3C
!AIVDM,1,1,,A,16?Um500233sAgr?4<T:epVD0DEl,0*05
!AIVDM,1,1,,B,1715`n00003kB7f>UaN37igp2l=q,0*4E
!AIVDM,1,1,,A,17f6Gc00003u3Dt>SArSKGT@2h5h,0*03
!AIVDM,1,1,,A,13Ik5;0003SVbWB?Qf1id4hh0D<M,0*7C
!AIVDM,1,1,,B,33ek3R1000Ss8gB>V<7E=VL>0DgJ,0*10
!AIVDM,1,1,,B,D03n9s2<UNfp,0*45
!AIVDM,1,1,,A,14cudF0000SttPR>MGoP08jF04BH,0*67
!AIVDM,1,1,,A,17fu83AP?w<tSF0l4Q@>4?wv0T00,0*15
!AIVDM,1,1,,B,171<:khP00SuP`0>Pr;RdgvB0<68,0*21
!AIVDM,1,1,,B,371@8f00003twap>LSj>2lFB01;0,0*0A
!AIVDM,1,1,,A,170g7L0P@53mq5n>;71nS6lH04BH,0*4F
!AIVDM,1,1,,B,19NSJrh01u3pu7v>qHRrv`qd086f,0*1F
!AIVDM,1,1,,B,1815Le@01s3i?J<>5F1775hD04BH,0*4B
!AIVDM,1,1,,A,15Owm@002JSnqcV>VL5sRI@H0<Fs,0*7E
!AIVDM,1,1,,A,170RNn2P00StuQn>M>:7U?vF2TBH,0*1B
!AIVDM,1,1,,B,16tN6j002?3rOAJ>HmbT03:H04BH,0*1E
!AIVDM,1,1,,B,160EJH3P00Su1dF>LjP0K?vF2D7U,0*2B
!AIVDM,1,1,,A,15Wnhh8000SuPTD>PrKllinD0<8D,0*11
!AIVDM,1,1,,A,18L5Cd002D3sGb:>N0:7Un2D087>,0*59
!AIVDM,1,1,,A,165qvd0000Stth`>MG38HS>J2@7D,0*7D
!AIVDM,1,1,,A,13:gAv001pSorkB>TMe57T6@0@7J,0*07
!AIVDM,1,1,,B,16BNq9?P013fFPr?F:D00?vH2<8@,0*49
!AIVDM,1,1,,B,1815OG@01u3v0L6>q?r1FA6J087R,0*3E
!AIVDM,2,1,6,B,59NSGkh2:PGD7PmGP00hUL400000000000000016Eh3@B5m<0AQUBPBD,0*68
!AIVDM,2,2,6,B,PB0000000000000,2*33
!AIVDM,1,1,,B,170F3h?P00SuBdj>NM?ddgvJ2H7b,0*7D
!AIVDM,1,1,,A,160ksP002>3oSm`>mH?493DJ00S0,0*20
!AIVDM,1,1,,A,H6=m>NU600000000000000000000,0*1B
!AIVDM,1,1,,B,176tJI0021Spv9J>wbwkijpL0DCQ,0*29
!AIVDM,1,1,,B,3;;ggD5000SuP9f>Q2eR@WJD0000,0*0D
!AIVDM,1,1,,A,371@8f00003twap>LSj:0TFF00Wh,0*06
!AIVDM,1,1,,A,19NSQ3KP013hTlR>@fuh0?vJ2L?a,0*6C
!AIVDM,1,1,,B,12vg200000Su8o`>M@9f48bJ2D;t,0*55
!AIVDM,1,1,,B,15QpSl3000Stu9j>Mb9GJ06H2<>g,0*01
!AIVDM,1,1,,A,170?L6;0003u3u4>MIqrCo@L0TBH,0*1D
!AIVDM,1,1,,B,18JFUh0029Sl0pD?7Sc4pSrF0@8?,0*41
!AIVDM,1,1,,A,19NSJG@0003uNu>>PifSG6TL04BH,0*58
!AIVDM,1,1,,B,15?Wrn30003tv;p>LUm7nSrL04BH,0*5C
!AIVDM,1,1,,A,198Vim00003s>1h>HOf8N`@N0<>t,0*62
!AIVDM,1,1,,B,18ISob001t3t4AL?3=vrfHQ804BH,0*7C
!AIVDM,1,1,,A,14Vp8J002o3tM;R?3IOrAH@J04BH,0*3C
!AIVDM,1,1,,B,16BOu7=P0mStwC@>PakWBOvL2D7c,0*28
!AIVDM,1,1,,B,1:0B1h0P013tjuf>VU;72Owp2`8W,0*2C
!AIVDM,1,1,,A,170APr00003ssrJ>Q8HM0`RJ088b,0*30
!AIVDM,1,1,,B,16UCH@002h3gJn0>sGWJ4H6L0<<P,0*57
!AIVDM,1,1,,A,E>lUBoiR8I00000000000000000ApclH7J2e@N3kkiv000,0*7D
!AIVDM,1,1,,B,155>9N80003tD@h>UC@9W7tF0<<P,0*1D
!AIVDM,1,1,,A,16@P8<PP1D3twoh>NcWmMwvN0<9q,0*18
!AIVDM,1,1,,B,16BbiC8P00SuC5P>NUJ>4?vL2<;>,0*2B
!AIVDM,1,1,,A,385K?KPP01Su3f4>RriINwvN02pQ,0*7D
!AIVDM,1,1,,B,19@4U00P00StuJb>M7@KigvL0`91,0*05
!AIVDM,1,1,,B,18KCgl300OSs1Wb>PVspto>J0H93,0*51
!AIVDM,1,1,,B,171@8f00003twap>LSj3G4FJ0@94,0*57
!AIVDM,1,1,,A,14W0<200j6Sdp;D?1OnmVDRP04BH,0*72
!AIVDM,1,1,,A,15?>qB001dSpbnt>rpncaqI00<<P,0*26
!AIVDM,1,1,,A,18156>0P00StuW0>MEAv4?vN289A,0*36
!AIVDM,2,1,8,A,5:0B1h02;HH3EH8K@018DB1<D610D58h000000000000040000000000,0*69
!AIVDM,2,2,8,A,000000000000000,2*2C
!AIVDM,1,1,,B,370J;V1000StUNp>WCJnojhL0000,0*54
!AIVDM,1,1,,A,17fcCD0000Si3;d>GpsWdWTP04BH,0*60
!AIVDM,1,1,,B,155HAr1000Stu1f>MUfP000J20S?,0*6F
!AIVDM,1,1,,B,18158lh023Sm?p@?5Fv;maPN089I,0*7F
!AIVDM,1,1,,B,176tk0001kSo;n6?1C:SgS0P0@9L,0*4A
!AIVDM,1,1,,A,18TCg60001StAT6>U=Cm;ovP289O,0*1A
!AIVDM,1,1,,A,14`deg8P00Su36V>M3arHwvR24BH,0*7C
!AIVDM,1,1,,B,13=S5j001K3shSB>OtS=Q:vP00Rr,0*53
!AIVDM,1,1,,A,1815GJhw23So>Gp>k3WWgV8J04BH,0*26
!AIVDM,1,1,,B,171DUp8P00StuP0>MEB;7?vJ0L90,0*27
!AIVDM,1,1,,B,15VLOJ0wh0Su2V6>MAru47@P2<7@,0*0A
!AIVDM,1,1,,B,1815?w@02:SrqiP>uu43c34J04BH,0*68
!AIVDM,1,1,,B,1718kv80003uChT>KKM<Jr0R04BH,0*1D
!AIVDM,1,1,,A,18QdE7001R3sLBh>HcpnADtT0<A7,0*79
!AIVDM,1,1,,A,171:600P00Su3>`>MEav4?vR2H:9,0*71
!AIVDM,1,1,,A,170TcN0P00SuOF4>Pw?f4?vR2@:A,0*74
!AIVDM,1,1,,B,15Owm@002JSnqSP>VLOcPq@T0<Fr,0*06
!AIVDM,1,1,,B,18Uh`J00003uIA8>Rd4a?8VT08:G,0*60
!AIVDM,1,1,,A,10`3FdOP003u7lL>MaH5K?vR00Rk,0*1E
!AIVDM,1,1,,B,15WvdT0P003tu?D>M?GJtwvP0TBH,0*13
!AIVDM,1,1,,B,13Ik5;0003SVbWH?Qf2QcTi00@:a,0*5E
!AIVDM,1,1,,A,15>u<N000f3pnJ<>o6tC6B@R0H:c,0*01
!AIVDM,1,1,,A,16?Uku001m3q2LD>pqjCUjnV0DD`,0*30
!AIVDM,1,1,,B,170A`f8P003t`N@>W3@e`OvT20Ro,0*58
!AIVDM,1,1,,B,16@P5D@P1H3u3C4>ND=lswvT0D89,0*1E
!AIVDM,1,1,,A,17WMh@00043fSlh?Gfj1292V0@:q,0*05
!AIVDM,1,1,,B,18L5Cd002D3sGWh>Mw67V62R0@:t,0*07
!AIVDM,2,1,0,A,5I8Vj8`2<<iA@`l?7?P5@PF0puH400000000001I90H68tp70;B0CDRF,0*40
!AIVDM,2,2,0,A,@B0000000000000,2*26
!AIVDM,2,1,1,A,560ri002AVEhQ`Tb221`4lTj3GN222222222220l1hk59=gD0=15@PBH,0*63
!AIVDM,2,2,1,A,888888888888880,2*25
!AIVDM,1,1,,B,1:0NbF0P003t=M8>U:dbTOvV04BH,0*79
!AIVDM,1,1,,B,160ksP002>3oSuh>mGuT93DV00SF,0*7C
!AIVDM,1,1,,A,39NSSp10003t4EH>RTa5v`8R0000,0*7D
!AIVDM,1,1,,A,377N3Q10003tc0<>W<M002ef0Dg:,0*10
!AIVDM,1,1,,A,15SeHH001uSvr0T>q7gQtARb2p;S,0*02
!AIVDM,1,1,,B,16?Um500233sASF?4<bbfHV`0<En,0*0D
!AIVDM,1,1,,B,170g7L0P@53mq5n>;6w6OVh`08;b,0*5C
!AIVDM,1,1,,A,170RNn2P00StuR2>M>:WU?vV2`;d,0*55
!AIVDM,1,1,,B,14cudF0000SttPT>MGoP08j`0D;3,0*36
!AIVDM,1,1,,A,18UQGn00003p3S@>`@Qm6i2`0<02,0*40
!AIVDM,1,1,,B,17f6Gc00003u3Dt>SArSKGTT2p;o,0*05
!AIVDM,1,1,,A,35PuBn5P003u41H>MJS<@?vVP000,0*2E
!AIVDM,1,1,,B,15V0qj0001St6sB>P0hqeqpb0H<1,0*49
!AIVDM,1,1,,A,16UCH@002h3gJd:>sGH:4`6`0<<P,0*3F
!AIVDM,1,1,,A,D03n9s1MeNfp,0*04
!AIVDM,1,1,,A,?Neq`dACrH6QP00,0*48
!AIVDM,2,1,6,B,59NSSp02>eFtCEI7B20EE8tPu0F222222222221@S8kHR5o40LQ5@PBH,0*5B
!AIVDM,2,2,6,B,888888888888880,2*21
!AIVDM,1,1,,A,3:5e>M1P043tqo`>T2mWUgvd2000,0*10
!AIVDM,1,1,,B,B70q?p0000wDSU3WVcwQ3wbWkP06,0*50
!AIVDM,1,1,,B,1567=l0000Stuk6>MI>:MPBf2D8k,0*5C
!AIVDM,1,1,,B,16tN6j002>3rOOv>HmC40C:f0<@2,0*42
!AIVDM,1,1,,A,15`@5n001cSvcsn?1qkQt1Tf0@=M,0*62
!AIVDM,1,1,,A,15Owm@002JSnqKL>VLrKQ9Bh0H=W,0*49
!AIVDM,1,1,,A,170F3h?P00SuBdj>NM?tcgvf28=a,0*3C
!AIVDM,1,1,,B,370Fhn0P003tubh>M6BWJOvf2S61,0*2A
!AIVDM,1,1,,B,13:gAv001pSortp>TLhm7D6V00SG,0*62
!AIVDM,1,1,,B,170?L6;0003u3tt>MItbCo@h0h=i,0*0C
!AIVDM,1,1,,B,15ULMh0000SuF;V>WCR93o4r0t@3,0*7C
!AIVDM,1,1,,A,19NSJTP01u3wQ4J>sCu1B1200<<O,0*26
!AIVDM,1,1,,A,170RNn2P00StuR:>M>:WU?vf2d6?,0*3F
!AIVDM,1,1,,B,3FBP3h5001Sp?wD>fO;CS2h`2000,0*36
!AIVDM,1,1,,B,16@P8<PP1E3twtR>Nc0EIgvh08=q,0*46
!AIVDM,1,1,,A,15`<g00P01St11p>OCif4?vf2H=w,0*09
!AIVDM,1,1,,B,39E3rP10003uAOP>`0W5070h0Dbb,0*45
!AIVDM,1,1,,A,18L5Cd002C3sGV4>MvEWV62d0D<P,0*5C
!AIVDM,1,1,,A,16BNq9?P013fFPr?F:D00?vf2D8D,0*18
!AIVDM,1,1,,A,155>9N80003tD@h>UC@9W7tb0H>>,0*22
!AIVDM,1,1,,A,15?Wrn30003tv;p>LUm883rj08>F,0*3E
!AIVDM,1,1,,B,185K?KPP01Su3et>RrhHdOvj08>N,0*52
!AIVDM,1,1,,A,15QBet3000SiI62>l4tBKFjj00Se,0*3F
!AIVDM,1,1,,B,170APr00003ssrH>Q8Gc=`Pf04BH,0*6F
!AIVDM,1,1,,A,18158lh023Sm?fT?5Gc;maPh0@>d,0*1E
!AIVDM,1,1,,B,19NSJG@0003uNu:>PigCNVTl04BH,0*07
!AIVDM,1,1,,A,371@8f00003twap>LSj2UlFd00`0,0*1E
!AIVDM,1,1,,B,16BP9W0P00SuAh6>NGIeegvj2D7J,0*09
!AIVDM,1,1,,A,17WK5piP013tlOD>Uq;Dm?vh0`>v,0*50
!AIVDM,1,1,,B,18TCg60000StAT<>U=Ef47vj28>v,0*4C
!AIVDM,1,1,,A,35@iB:1P00SswWl>`0@h0?vj2DvJ,0*63
!AIVDM,1,1,,A,3EQS4l1000Su98l>S>?cGWRV0000,0*5B
!AIVDM,1,1,,A,1718563P?w<tSF0l4Q@>4?vj0h?>,0*55
!AIVDM,1,1,,B,18156>0P00StuW0>MEAv4?vj28?B,0*14
!AIVDM,1,1,,A,16?Um9O000Su0Iv>Ln935qnj0D<P,0*07
!AIVDM,1,1,,B,1815I>@01P3p34f>`av@CB2l0<<P,0*5A
!AIVDM,1,1,,B,1:5c;w0P003u6<H>Rp<dUgvl08?H,0*43
!AIVDM,1,1,,A,13=S5j001K3shQB>OuP=Srvl08?J,0*7B
!AIVDM,1,1,,A,18KCgl300OSs1U<>PVd`to<h08?L,0*20
!AIVDM,1,1,,B,13P=s4@00qSsoV8>TTGUE4Dn04BH,0*64
!AIVDM,1,1,,B,170qWD?P?w<tSF0l4Q@>4?wp0p?T,0*6B
!AIVDM,1,1,,A,15VLOJ00@0Su2V@>MAtu7W@l24BH,0*3C
!AIVDM,1,1,,A,10;iQCgP00Stvwv>M7s:dOvn28?i,0*62
!AIVDM,1,1,,B,1815@p050=St41r>DRdDtU>h0@?o,0*1F
!AIVDM,1,1,,B,10`3FdOP003u7l8>MaHFv?vn0@@4,0*26
!AIVDM,1,1,,A,1815?w@02;Srr1L>utoSeS4j04BH,0*51
!AIVDM,1,1,,A,34hBF=50@03u1kV>M7VIL00p0DWr,0*79
!AIVDM,1,1,,A,170RNn2P00StuR<>M>:WU?vn2PS5,0*6A
!AIVDM,1,1,,A,13Ik5;0004SVbWf?Qf51e4iF0@@d,0*7C
!AIVDM,2,1,8,A,53UgKR02?WNa=H53:21@Thu>222222222222221IAPQ7E5q10A@AH4UE,0*2B
!AIVDM,2,2,8,A,p88888888888880,2*64
!AIVDM,1,1,,A,170A`f8P003t`N>>W3@E3?vp24BH,0*31
!AIVDM,1,1,,B,15SeHH001uSvr7F>q8fit1Rt2h@p,0*04
!AIVDM,1,1,,A,16@P5D@P1H3u3Ij>NCa4vOvp04BH,0*28
!AIVDM,1,1,,A,16KGhT001o3r2tp>pF?33jJp0@@u,0*1A
!AIVDM,1,1,,B,1715`n00003kB7j>UaNC7igp2d=v,0*3D
!AIVDM,1,1,,B,16?Uku001m3q2WP>pqi3Ujnr0@A4,0*3E
!AIVDM,1,1,,B,1815IA000o3mWs8>K40ENTHr08A7,0*57
!AIVDM,1,1,,A,16tN6j002>3rO`0>Hm640C:t0<@0,0*4D
!AIVDM,2,1,3,B,5:0<;982?4wgEHT?J20lE8=E9V222222222222160i;5?40000000000,0*76
!AIVDM,2,2,3,B,000000000000000,2*24
!AIVDM,1,1,,B,13e5e<3000Sq<Jh>bKu`jadp04BH,0*02
!AIVDM,2,1,3,A,59NSWPH2>0p4CEac:21TtLV22222222222222216JA6?I5l:0BA5@PBH,0*36
!AIVDM,2,2,3,A,888888888888880,2*27
!AIVDM,1,1,,B,171:263P003tttt>M@@Jw?vt2D>=,0*7A
!AIVDM,1,1,,A,15C3pv0P013u3;f>Str5m?wv0HAE,0*6C
!AIVDM,1,1,,A,16?`210P0I3u6nF>MmhF4gvr04BH,0*55
!AIVDM,1,1,,B,13B@nB00353u92@>gDljM1tr04BH,0*6D
!AIVDM,1,1,,B,19?rsl00013tURF>S@a92Gpr0HAJ,0*09
!AIVDM,1,1,,A,15TAI430013uI`D>Ruds9Gtt04BH,0*1D
!AIVDM,1,1,,A,15V0qj0002St6s2>P0f9Fqrt0DAe,0*6D
!AIVDM,1,1,,B,39NS<p10013tR<v>US43VWRr0000,0*3F
!AIVDM,1,1,,A,14cudF0000SttPV>MGo@08jt08AR,0*54
!AIVDM,1,1,,A,E>lUV41R8HP0000000000000000ApVMU7K14pN3kkkv010,0*62
!AIVDM,1,1,,B,D03n9sAMeNfp,0*77
!AIVDM,1,1,,B,15`7bj8000Stu72>MPBv49Dt2HAt,0*44
!AIVDM,1,1,,A,16?Um500233sAET?4<hJf`Vv0@B2,0*31
!AIVDM,1,1,,B,403n9s1vEr2VNSS=1F@>vMG00<?5,0*12
!AIVDM,1,1,,B,D03n9s1MeNfp,0*07
!AIVDM,1,1,,A,170g7L0P@53mq5v>;6rnKndv0HB9,0*6E
!AIVDM,1,1,,A,19NSB1B0003tuiJ>MK0G0hNv08BA,0*07
!AIVDM,1,1,,A,1567=l0000Stujt>MI<rLhC020T6,0*7D
!AIVDM,1,1,,A,19E4QT001W3nNRV?8jaDl3i004BH,0*6B
!AIVDM,1,1,,B,371@8f00013twap>LSj4p4Dr0000,0*23
!AIVDM,1,1,,B,171<:khP00SuP`0>Pr9Rdgvt0L68,0*65
!AIVDM,1,1,,B,19NSJrh01u3pthN>qI6;1HpL04BH,0*45
!AIVDM,1,1,,A,170RNn2P00StuR<>M>:WU?vv2d6@,0*56
!AIVDM,1,1,,A,H70?H<1<D60Pu9<D00000000000,0*39
!AIVDM,1,1,,A,369s;`1wP0SsB>t>P0K6AWJr0Dg:,0*18
!AIVDM,1,1,,B,E>lUV51`8HP0000000000000000ApciA7J1S`N3kkkv010,0*21
!AIVDM,1,1,,A,15Wnhh8000SuPTf>PrITlinv0HC7,0*47
!AIVDM,1,1,,A,370?L6;0003u3u0>MIvbCo?20UAC,0*04
!AIVDM,1,1,,A,14nkbJ002542B`t?>V@apWjt08C9,0*64
!AIVDM,1,1,,A,17fu83AP?w<tSF0l4Q@>4?wv0`C:,0*58
!AIVDM,1,1,,B,13UF6L002FSw9rd?1NM2l2A00<<P,0*41
!AIVDM,1,1,,A,E>lUV5Qc`I00000000000000000ApUHd7KRw`N3kkkv010,0*0C
!AIVDM,1,1,,B,15QpSl30003tu9j>Mb9Fv07020SG,0*64
!AIVDM,1,1,,B,170F3h?P00SuBdf>NM;@0?w22<1O,0*7B
!AIVDM,1,1,,A,355lj850013uQQl>Q8Els4A00loJ,0*34
!AIVDM,1,1,,B,16BNq9?P013fFPV?F:B@0?w228Ci,0*36
!AIVDM,1,1,,B,15?Wrn30003tv;p>LUm8G3s40@Ck,0*35
!AIVDM,1,1,,A,171@8f00003twap>LSj;2lDv08Cp,0*09
!AIVDM,1,1,,B,19NSVHk0003u076>Lf:esac004BH,0*06
!AIVDM,1,1,,A,170APr00003ssrF>Q8Gp``Q208Cr,0*4E
!AIVDM,1,1,,B,18L>UL000TStbPn>SDTAu1M404BH,0*57
!AIVDM,1,1,,B,16BOu7=P0nStwBH>P`c7Agw428Cw,0*05
!AIVDM,1,1,,A,3EWHS:5000Sv6Np>ThRBVn`h0000,0*2C
!AIVDM,1,1,,B,1:0B1h0P013tjub>VU9W2Owp2W3h,0*49
!AIVDM,1,1,,B,170Bvb?wP0Stu7H>M4ji98m20<<P,0*3A
!AIVDM,1,1,,A,35Owm@002JSnq<r>VMfsT9A601gi,0*6A
!AIVDM,1,1,,A,17fcCD0000Si3;d>GpsWdWS608DM,0*0E
!AIVDM,1,1,,B,18158lh023Sm?Tp?5HJcmaQ20<<P,0*64
!AIVDM,1,1,,B,18KCgl300OSs1S:>PVP8uW=40@DR,0*36
!AIVDM,1,1,,B,12vg200000Su8oP>M@:>48c42<;t,0*39
!AIVDM,2,1,0,B,55B8cr02@SaPSQ4r221<4eE860dt8F2222222216C0K8D1Uj0HjQ@QC7,0*3B
!AIVDM,2,2,0,B,hC2H88888888880,2*76
!AIVDM,1,1,,A,16@P8<PP1E3u02b>Nb?5KOw60<9v,0*79
!AIVDM,1,1,,A,?Neq`dAP>Fi0D00,0*33
!AIVDM,1,1,,B,36tN6j002=3rOh0>HlqT03;801eQ,0*15
!AIVDM,1,1,,B,171DUp8P00StuP>>MED;7?w000S<,0*4E
!AIVDM,1,1,,A,1815GJhv23So>@T>k16WgV700@Dr,0*5A
!AIVDM,1,1,,A,170RNn2P00StuR<>M>:7U?w62hDs,0*3A
!AIVDM,1,1,,A,14`deg8P00Su36b>M3brFOw82<9F,0*6B
!AIVDM,1,1,,B,18Uh`J00003uIAN>Rd39?8W80DB:,0*5D
!AIVDM,1,1,,A,B70?H<0008w@iG3W@oOQ3wj1nDWJ,0*44
!AIVDM,1,1,,B,16?Um9O000Su0J<>Ln9C5qo60<<P,0*18
!AIVDM,1,1,,B,10;iQCgP00Stvwv>M7s:cgw:28EB,0*4A
!AIVDM,2,1,5,A,5:5e>M01hJbsDToS;D1=J0Hu9ADpD000000000000p`434000:4j0DRP,0*1F
!AIVDM,2,2,5,A,B83l38000000000,2*0F
!AIVDM,1,1,,B,16BbiC8P00SuC5D>NUIf4?w82HEG,0*62
!AIVDM,1,1,,A,15?>qB001dSpbS`>rr2sbaId0L<P,0*76
!AIVDM,1,1,,B,19NSRP0000Ss6GB>IEHG3`Q:0DAq,0*60
!AIVDM,1,1,,A,1:5c;w0P013u6<L>Rp<<Qww:0<>q,0*62
!AIVDM,1,1,,B,15VLOJ0wP0Su2VR>MAsM8oA828EO,0*2B
!AIVDM,1,1,,B,155HAr1000Stu1b>MUeh00142@EP,0*26
!AIVDM,1,1,,A,1815I>@01P3p35t>`c0@CB380@ES,0*5D
!AIVDM,1,1,,A,18L5Cd002C3sGQb>MtH7V63604BH,0*27
!AIVDM,1,1,,A,11mg=5OP003u0Nb>M5iN4;A:08Es,0*4A
!AIVDM,1,1,,B,155LCf<0003tun2>MJLqoPK<0<<d,0*07
!AIVDM,1,1,,A,171:600P00Su3>`>MEcf4?w:28F;,0*04
!AIVDM,1,1,,B,16@P5D@P1H3u3On>NC8Tsww:0D8;,0*1F
!AIVDM,1,1,,A,18QdE7001S3sLIv>HaiF>Du<08FG,0*3B
!AIVDM,1,1,,A,1:0<;9?0013tu6<>MVfs:Em<00S>,0*66
!AIVDM,1,1,,B,15WvdT0P003tu?2>M?F<TOw:0lBn,0*7F
!AIVDM,1,1,,A,34aeIv10003sQLT>W9kaTU;<0000,0*4E
!AIVDM,2,1,3,B,58158Jh2@0P1KM97F20Lth@Dr1<QDV222222221?NhdDI5pa0GCBCPH4,0*7D
!AIVDM,2,2,3,B,hDDcU@AH8888880,2*33
!AIVDM,1,1,,A,170TcN0P00SuOEh>PwAN4?w<28Fj,0*3D
!AIVDM,2,1,6,A,56tN6j42?cE87LLj220u<P4U8Tb2222222222216@p:B55qj0EBQ@QC8,0*20
!AIVDM,2,2,6,A,0C2H88888888880,2*2B
!AIVDM,1,1,,A,171:263P003ttu:>M@?:vww>2@Ft,0*0E
!AIVDM,1,1,,B,15Do0:00283tIm0?2w`JGH?@04BH,0*77
!AIVDM,1,1,,B,1815<HPwj0Sm5gP?5IS4uSs<0P0u,0*75
!AIVDM,1,1,,B,19?dah000bStA8B>O7a1JQ5>20S3,0*55
!AIVDM,1,1,,B,1:0NbF0P013t=M8>U:g:TOw>04BH,0*4A
!AIVDM,1,1,,B,171@8f00003twap>LSj3SlG80@G9,0*1B
!AIVDM,1,1,,A,17WMh@00053fSlt?Gfq0wa3@0@G>,0*3A
!AIVDM,1,1,,B,15V0qj0002St6s6>P0gI@qs@08G>,0*09
!AIVDM,1,1,,B,170S20;0003tuVt>M6JM50M>04BH,0*63
!AIVDM,1,1,,A,170RNn2P00StuR:>M>9WU?w>2`G@,0*6F
!AIVDM,1,1,,B,17f6Gc00003u3Dt>SArSKGW:2d3;,0*20
!AIVDM,1,1,,A,19?rsl00013tURB>S@`ajWq@0@GT,0*3C
!AIVDM,1,1,,B,170?4RHP003uPdJ>PrpFIwwB2HGn,0*18
!AIVDM,1,1,,A,16tN6j002=3rOot>Hle40C;B00SI,0*06
!AIVDM,1,1,,B,170g7L0P@43mq64>;6oFI6aB0@H4,0*7C
!AIVDM,1,1,,B,14cudF0000SttPb>MGo008kD0<;4,0*3A
!AIVDM,1,1,,A,1815Le@01s3i?IT>5AhW4Ug@0D<B,0*71
!AIVDM,1,1,,A,170ATl001BSsv;H>Rh`MS01B24BH,0*0A
!AIVDM,1,1,,B,19NSB1B0003tuiF>MK370hO@0<4V,0*29
!AIVDM,1,1,,B,B9s9K80008w@aj3`T@L6kwv6oP06,0*0B
!AIVDM,1,1,,A,H:5dU35@C=D?:DQm9=oiq05`F47t,0*76
!AIVDM,1,1,,A,18Ifnj002ESroqn?4Wgrk8c@00Sm,0*25
!AIVDM,1,1,,A,17f6E@@1j?3r=wn?4saJipgD00SM,0*43
!AIVDM,1,1,,A,16BNq9?P013fFPV?F:B@0?wD2@I>,0*66
!AIVDM,1,1,,A,16BOu7=P0nStwAt>P`8o:wwF00SW,0*19
!AIVDM,1,1,,A,1815OG@01u3v0hB>qC?iEQ7F0@IC,0*0D
!AIVDM,1,1,,A,15QpSl3000Stu9j>Mb9GG@7D2<>T,0*41
!AIVDM,2,1,1,A,570A`f02::fL7HG;3C@pm>3C380000000000001J1@f985WDN?3l380C,0*3F
!AIVDM,2,2,1,A,Pj3lPAi@0000000,2*78
!AIVDM,1,1,,A,18JFUh0029Sl1GT?7Q;4pSs@0L:l,0*64
!AIVDM,1,1,,A,155>9N80003tD@L>UC@9W7u>04BH,0*2D
!AIVDM,1,1,,A,19@4U00P01StuJl>M7@sigwF0l40,0*3A
!AIVDM,1,1,,A,176tJI0022Spvhf>wbKSjRqH0DCS,0*6C
!AIVDM,1,1,,B,15@LN80000SuOAH>PmU`c6OF0<<P,0*31
!AIVDM,1,1,,A,15?Wrn30003tv;p>LUm8SSsH0L<T,0*72
!AIVDM,1,1,,B,E>lUBoiR8I00000000000000000ApclH7J2e@N3kkiv000,0*7E
!AIVDM,1,1,,B,170Fhn0P003tubh>M6BWJOwH2t7i,0*79
!AIVDM,1,1,,B,170gRj?P00Su4;P>MJkf4?wH28J3,0*29
!AIVDM,1,1,,A,1:0B1h0P003tjul>VU7o2Owp2`J5,0*60
!AIVDM,2,1,1,B,55`7bj42A?n4cP;G;W0E>184Tr0000000000000O0pI375Q608CBCPH4,0*5F
!AIVDM,2,2,1,B,PDj2A80CPj3lPAh,2*4C
!AIVDM,1,1,,A,170F3h?P003uBe4>NM5@0?wH2<1O,0*3F
!AIVDM,1,1,,B,170APr00003ssrL>Q8IGC`OF0D8w,0*35
!AIVDM,1,1,,A,15`<g00P02St120>OCg>4?wH2D?0,0*79
!AIVDM,1,1,,A,17WK5piP003tlOF>Uq:m9OwF0hJ@,0*3A
!AIVDM,1,1,,A,18KCgl300OSs1Pp>PVB8uo=F08JA,0*41
!AIVDM,1,1,,B,1:5c;w0P003u6<H>Rp<<P?wJ00Sh,0*25
!AIVDM,1,1,,B,19NSJG@0003uNu8>PiecQVUJ0@JJ,0*61
!AIVDM,2,1,2,A,5815N9P2<SVIKL7C?G5N0eU8DpT4000000000017LQ8S8Iqk0LRC`3EC,0*44
!AIVDM,2,2,2,A,P00000000000000,2*46
!AIVDM,1,1,,A,13=S5j001M3shMd>OwHea;1J0D<P,0*7A
!AIVDM,1,1,,A,171@8f00003twap>LSj3STGF08Jj,0*78
!AIVDM,1,1,,A,155HAr1000Stu1f>MUe@001F2D5g,0*38
!AIVDM,1,1,,A,16?Um9O000Su0J@>Ln9C5qoJ00Rr,0*5B
!AIVDM,1,1,,A,171DUp8P00StuP<>MEBK7?wF0@Ju,0*6F
!AIVDM,1,1,,A,1718563P?w<tSF0l4Q@>4?wL0d4s,0*38
!AIVDM,1,1,,B,371:600P00Su3>h>MEd>4?wL20Ek,0*7F
!AIVDM,1,1,,A,16BbiC8P00SuC5<>NUJ>4?wL2<;>,0*45
!AIVDM,1,1,,B,15SM=>001mSo9jb>VB05:l;F04BH,0*67
!AIVDM,1,1,,A,15Owm@002JSnptv>VNVsRqAN0LFp,0*65
!AIVDM,1,1,,B,1815GJhuj3So><@>jwaWg65F08KC,0*28
!AIVDM,1,1,,B,15?>qB001dSpbJL>rrWcc9H80@KE,0*5F
!AIVDM,1,1,,B,371>?`5P00Su4=0>MK<N4?wL2G8b,0*5E
!AIVDM,1,1,,B,14`deg8P00Su36`>M3cbE?wN24BH,0*03
!AIVDM,1,1,,A,170sPJ0P013u3=d>MEOL0?wL00R3,0*54
!AIVDM,1,1,,B,18QdE7001R3sLLt>H`kV?4uN04BH,0*29
!AIVDM,1,1,,A,10;iQCgP00Stvwv>M7sJdOwN24BH,0*63
!AIVDM,1,1,,B,33P=s4@00qSsof8>TSK5ETEN04p3,0*35
!AIVDM,1,1,,A,1718kv80003uChj>KKL<Jr1N00RJ,0*2A
!AIVDM,1,1,,B,18156>0P00StuW0>MEAv4?wL2@KV,0*2B
!AIVDM,1,1,,A,15WvdT0P003tu>`>M?EK5wwL0TBH,0*6A
!AIVDM,1,1,,A,17Ww548001Su<Bt>WIf`5@sL0D8k,0*6F
!AIVDM,2,1,4,B,55V0qj42Ct@HcP;G7WD4A8T5@T>222222222220l1HE654bk0=ljDTRH,0*56
!AIVDM,2,2,4,B,2Dk0CQ888888888,2*14
!AIVDM,1,1,,A,155LCf<0003tunH>MJHqoPKP00RK,0*5B
!AIVDM,1,1,,A,170RNn2P00StuR2>M>8GU?wN2`L7,0*7A
!AIVDM,1,1,,A,H6@P6Lhm=J0H4U`F0LuE<PDptu8,0*52
!AIVDM,1,1,,A,170S20;0003tuVt>M6JM50IN000Q,0*7B
!AIVDM,1,1,,A,13Ik5;0004SVb`D?Qf91fDf60D<M,0*38
!AIVDM,1,1,,B,177FoG001t3mv:8?41sT43IN08LP,0*1C
!AIVDM,2,1,6,B,571:6042F9r07HG?7;@P4I<6362222222222221J38543t@P00000000,0*6B
!AIVDM,2,2,6,B,000000000000000,2*21
!AIVDM,1,1,,B,13e5e<3000Sq<Jh>bKu`jaeP0<;g,0*7D
!AIVDM,1,1,,B,18Ifnj0w2ESrogp?4Wp:k8cN00Rp,0*24
!AIVDM,1,1,,A,170A`f8P003t`N6>W3?W3?wP2HLe,0*2A
!AIVDM,1,1,,A,3DR`>45000St3ch>BgKIAo7N0000,0*3D
!AIVDM,1,1,,B,16?Uku001m3q2w@>pqbSUjoT0DDO,0*38
!AIVDM,1,1,,A,1:0NbF0P023t=Ll>U:g:TOwR0<0?,0*7E
!AIVDM,1,1,,A,14cudF0000SttPf>MGnh08kT0<;1,0*71
!AIVDM,1,1,,A,15TAI430013uI`F>Rue;9GuT0<AM,0*79
!AIVDM,1,1,,B,16UCH@002h3gItB>sF;r4p7R00S3,0*4E
!AIVDM,1,1,,B,1715`n00003kB84>UaOC7igp2d=q,0*6A
!AIVDM,2,1,2,B,54ctJD02<4=?Q05O>2118Tp<E=>0P4hTl622221@A`S:C5M<0EDj0DRP,0*54
!AIVDM,2,2,2,B,B88888888888880,2*5F
!AIVDM,1,1,,A,15V0qj0002St6r`>P0da4asV00Rm,0*4A
!AIVDM,1,1,,B,403n9s1vEr2VjSS=1F@>vMG00D?`,0*1B
!AIVDM,1,1,,B,D03n9s0fmNfp,0*25
!AIVDM,1,1,,A,1815<HP01wSm5t0?5HhluSsT0d6>,0*2D
!AIVDM,1,1,,B,19NSJrh01u3ptJ6>qIa;0`o20HMk,0*50
!AIVDM,1,1,,A,16?Um500233s@t@?4<wbg8WV04BH,0*54
!AIVDM,1,1,,B,1815Le@01s3i?I@>5@e74UgP00SA,0*02
!AIVDM,1,1,,A,170?4RHP023uPdB>PrpnNgwV2D9d,0*42
!AIVDM,1,1,,A,1:0Qah501AStuP8>`@:654iN2=vT,0*13
!AIVDM,1,1,,B,171@8f00003twap>LSj=jDGP0@N6,0*6A
!AIVDM,1,1,,B,3GWK5sivh03tllj>VKt7kmuPR000,0*40
!AIVDM,1,1,,A,1567=l0000Stujh>MI:bE0C`24BH,0*1A
!AIVDM,1,1,,A,170RNn2P00StuR0>M>7oU?wV2d6@,0*4E
!AIVDM,2,1,9,B,50`3Fd@000005@46220m=J0p49EL5B0F0U<P620T5P::300000000000,0*0C
!AIVDM,2,2,9,B,000000000000000,2*2E
!AIVDM,1,1,,A,39E4QT001W3nNkH?8iI4m3i`02fA,0*6F
!AIVDM,1,1,,B,170ATl001B3sv8D>Rit=Q03V2HNM,0*62
!AIVDM,1,1,,B,33MA7k50003tu5t>M4Ptg`qb0EA:,0*7A
!AIVDM,1,1,,A,15Wnhh8000SuPSV>PrQ4lioV00Rj,0*1D
!AIVDM,1,1,,B,16BNq9?P013fFPV?F:B@0?w`2<8I,0*3B
!AIVDM,1,1,,B,35`@5n001cSvdBj?1st1uAUb02pA,0*6B
!AIVDM,1,1,,B,15Owm@002JSnpkT>VO5sQaAb0HO6,0*4D
!AIVDM,1,1,,A,13:gAv001pSosF4>TJAE7l7P0<3d,0*71
!AIVDM,1,1,,A,15TU>V0vh0StiPR>W5k702MV0HL>,0*0A
!AIVDM,1,1,,B,170F3h?P003uBef>NM2;hwwb2<1O,0*28
!AIVDM,1,1,,B,15QpSl3000Stu9j>Mb9GgP7`20Si,0*0A
!AIVDM,1,1,,A,185K?KPP02Su3eN>RrdoBOwd0@OO,0*62
!AIVDM,1,1,,B,176tJI0022Spvu2>wbBSjRqd04BH,0*69
!AIVDM,1,1,,B,15?Wrn30003tv;p>LUm8eSsd0D<S,0*64
!AIVDM,1,1,,A,15?uQb300NSqT9f>oknc=a1b2HOR,0*50
!AIVDM,1,1,,A,170APr00003ssrH>Q8Hn3`Ob0HOU,0*17
!AIVDM,1,1,,A,15@LN80000SuOAH>PmU`c6Ob04BH,0*78
!AIVDM,1,1,,A,170?L6;0003u3tn>MJ0JCo?d0l;@,0*22
!AIVDM,1,1,,B,12vg200000Su8oP>M@:v48cb2D;u,0*5E
!AIVDM,1,1,,A,16@P8<PP1E3u0<t>N`rUK?wd08Oj,0*02
!AIVDM,1,1,,A,198Vim00003s>1h>HOf8N`Cf00SV,0*0A
!AIVDM,1,1,,B,13ku9LP021SsbQ<>Rp67B5kb8<F5,0*14
!AIVDM,1,1,,A,19NS`SPP?w<tSF0l4Q@>4?wv0`P7,0*6F
!AIVDM,1,1,,B,171DUp8P00StuOt>MEDK7?w`0<8r,0*12
!AIVDM,1,1,,A,17f6E@@1j?3r=gD?4sn:jHgd04BH,0*0D
!AIVDM,1,1,,A,170gRj?P00Su4;H>MJkf4?wf2@PF,0*0B
!AIVDM,1,1,,B,1:0B1h0P013tjuh>VU972Owp2t<@,0*27
!AIVDM,1,1,,A,1815GJhvB3So>8N>jvDWen5`04BH,0*5C
!AIVDM,1,1,,B,10;iQCgP00Stvwv>M7s:W?wh2@Pd,0*3F
!AIVDM,1,1,,A,16BP9W0P00SuAj`>NGEh0?wf2@Pe,0*13
!AIVDM,1,1,,A,15?>qB001dSpbAB>rs<KcIHJ00SN,0*7A
!AIVDM,1,1,,A,170RNn2P00StuQp>M>6oU?wf2l6@,0*34
!AIVDM,1,1,,B,18158lh023Sm?>H?5J3cmaQd0@Po,0*34
!AIVDM,1,1,,B,18KCgl300OSs1NL>PV2puG=d08Ps,0*7A
!AIVDM,1,1,,B,16?Um9O000Su0JD>Ln9S5qof0D<P,0*58
!AIVDM,1,1,,B,1718kv80003uChn>KKLLJr1j04BH,0*6F
!AIVDM,1,1,,A,E>l1q0J21@7W2P0000000000000Av1VT7>tnH2088@r>60,0*2D
!AIVDM,1,1,,B,13UF6L002FSw:LL?1O`2l2Ah08Q4,0*2D
!AIVDM,1,1,,A,16UCH@002h3gIhR>sEqr4`7h04BH,0*4C
!AIVDM,1,1,,A,10`3FdOP003u7lN>MaEo>wwh0HQ<,0*61
!AIVDM,1,1,,A,18QdE7001T3sLP<>HWbn?Duj00S3,0*44
!AIVDM,1,1,,A,1815I>@01P3p38R>`e=0BR3j04BH,0*26
!AIVDM,1,1,,A,15SM=>00imSo9sh>VA4U:T;f0D<P,0*46
!AIVDM,1,1,,A,171@8f00003twap>LSj5iTIf04BH,0*4C
!AIVDM,1,1,,B,1815?w@02:Srrah>utISh35f08QU,0*63
!AIVDM,1,1,,B,18Uh`J00013uIAJ>Rd59?8Wl00R:,0*6E
!AIVDM,1,1,,B,377UB11100SV1Id?PEM4d6qj0Dg:,0*1A
!AIVDM,1,1,,A,170?oL0P01StRAV>U0b25wwj20R<,0*37
!AIVDM,1,1,,B,16:218001m3w2Ft?6deb7`9j08Qt,0*78
!AIVDM,1,1,,B,155LCf<0003tunP>MJGqoPKl0@R3,0*7B
!AIVDM,1,1,,A,39NSKiQ002St?0>>`v<7Pkcj0000,0*77
!AIVDM,1,1,,A,170TcN0P00SuOEh>Pw>N4?wl24BH,0*38
!AIVDM,1,1,,B,16LavB001WSuB10?4B1b5`5n00Rk,0*15
!AIVDM,1,1,,A,171:263P003ttu0>M@>rp?wn20SP,0*12
!AIVDM,1,1,,B,15WvdT0P003tu?0>M?F8mgwj0lBt,0*22
!AIVDM,1,1,,A,E>l1ptfR:Q0Th0`897PQT0000001vA2v7?JG`2088@tfV0,0*75
!AIVDM,1,1,,B,170S20;0003tuVt>M6JM50Kl0@RP,0*4B
!AIVDM,1,1,,B,?>eq`d@rkNCPD00,0*74
!AIVDM,1,1,,A,19?rsl00003tUR8>S@`b7Gul08RT,0*4C
!AIVDM,1,1,,B,1714VL0000Su4ap>M>ddUjWj04BH,0*7E
!AIVDM,1,1,,A,34ccof50003twit>LgeEIqej2000,0*00
!AIVDM,1,1,,A,170RNn2P00StuQj>M>6oU?wn2l6?,0*59
!AIVDM,1,1,,B,15TAI430013uI`6>RuhK9Gt00DAO,0*68
!AIVDM,1,1,,B,16?Um500233s@gV?4=8:g8V004BL,0*27
!AIVDM,1,1,,B,1815<HP020Sm64p?5GrTuSsn0`07,0*75
!AIVDM,1,1,,B,18Ifnj002ESroP>?4`5Jk8cl080=,0*1D
!AIVDM,1,1,,B,15V0qj0002St6rN>P0f8mqr20H0B,0*25
!AIVDM,1,1,,B,370g7L0P@43mq6R>;6hnEnP202oA,0*02
!AIVDM,1,1,,B,371=lB5P00SuC4>>Nb>8Ggv02DUr,0*2A
!AIVDM,1,1,,B,34cudF0000SttPb>MGnP08j205r3,0*69
!AIVDM,1,1,,A,160ksP002>3oTn`>mF=46SD20@0W,0*4B
!AIVDM,1,1,,A,15`@5n001cSvdI6?1tRAuQT4080h,0*48
!AIVDM,1,1,,B,19NSB1B0003tui`>MK270hN000Rb,0*21
!AIVDM,1,1,,A,39NSGki0013tv<n>TWN6>7>p000>,0*2A
!AIVDM,1,1,,B,19E4QT001W3nNt`?8hdTlkh600Rr,0*1E
!AIVDM,1,1,,A,3ECR2b10093rtId?9>v35P;jP000,0*28
!AIVDM,1,1,,B,19NSG5001K3mfB2?46=4aS`60L?r,0*11
!AIVDM,1,1,,B,B70`joP00Hw@i6SW@lkQ3wQ1jFhr,0*75
!AIVDM,1,1,,B,39NSHG10003sD?0>WRQ;ATr60E0r,0*00
!AIVDM,2,1,2,B,55EFs8:lmhqPQ3GGGB08tj0LTpT63R222222220O0Ph57uVW08Q5@PBH,0*73
!AIVDM,2,2,2,B,3@DRE2CAH0jE6H0,2*1C
!AIVDM,1,1,,B,3G1=lB5P00SuC4>>Nb>8Ggv02000,0*09
!AIVDM,1,1,,B,1:0Qah501AStuST>`?@V7Din24BL,0*6D
!AIVDM,1,1,,A,19NSVHk0003u06t>Lf<esab40D;n,0*6A
!AIVDM,1,1,,B,170?L6;0003u3tl>MIwrCo@60p1m,0*49
!AIVDM,1,1,,A,35?Wrn30003tv;p>LUm8oSr605pC,0*11
!AIVDM,1,1,,B,13:gAv001pSosNf>TIJE7l7l0@1v,0*70
!AIVDM,1,1,,B,171@8f00003twap>LSj7pTIn0<=K,0*28
!AIVDM,1,1,,B,39NSa0E000SuO6h>Pu`bPWN60000,0*47
!AIVDM,1,1,,B,170Fhn0P003tubh>M6BWJOv62d7r,0*0D
!AIVDM,1,1,,A,18JFUh0029Sl1eL?7OJTpSr00D:l,0*28
!AIVDM,1,1,,A,170RNn2P00StuQf>M>67U?v62PSB,0*70
!AIVDM,1,1,,B,15@LN80000SuOAH>PmU`c6N20@2R,0*34
!AIVDM,1,1,,A,1815OG@01u3v0w<>qEfiEQ6:0@2b,0*14
!AIVDM,1,1,,A,155EN>001CSwPEr>v16R2QV400S>,0*62
!AIVDM,1,1,,A,18158lh024Sm?50?5Jk;maP600SO,0*43
!AIVDM,1,1,,A,170F3h?P003uBgl>NLu00?v8282m,0*00
!AIVDM,2,1,8,A,54hDtW42DS4i`LLSH00p5@4hTp6040000000001J3Pc775Qg?ve@0000,0*4F
!AIVDM,2,2,8,A,000000000000000,2*2C
!AIVDM,1,1,,B,170APr00003ssrD>Q8EGF8L:04BL,0*22
!AIVDM,1,1,,A,18KCgl300OSs1LJ>PUnHuo<604BL,0*40
!AIVDM,1,1,,B,170gRj?P00Su4;L>MJlv4?v:20S8,0*4B
!AIVDM,1,1,,A,15VLOJ0wh0Su2Vv>MAoM97@:2835,0*7E
!AIVDM,1,1,,A,155HAr1000Stu1v>MUcP000624BL,0*63
!AIVDM,1,1,,B,19NS`SPP?w<tSF0l4Q@>4?wv0`3>,0*06
!AIVDM,1,1,,B,B6BNBo00F@wFpt3`fF9SgwRUkP06,0*70
!AIVDM,1,1,,B,1:5c;w0P013u6<6>Rp:MM?v<0D>k,0*5D
!AIVDM,1,1,,A,17Ww548001Su<C2>WIfH5@r:0<8>,0*5A
!AIVDM,1,1,,B,18L5Cd002C3sGGh>Mp0GV628083U,0*5B
!AIVDM,1,1,,B,170qWD?P?w<tSF0l4Q@>4?wp0`3W,0*74
!AIVDM,1,1,,A,13=S5j001P3shJR>P1N=d;0:0H3`,0*16
!AIVDM,1,1,,A,3EBTpV5P003tu`P>MPtJgwv00000,0*4C
!AIVDM,1,1,,A,16BbiC8P00SuC5<>NUJf4?v<2<;=,0*6F
!AIVDM,1,1,,B,14`deg8P00Su36P>M3bb;wv>20SM,0*65
!AIVDM,1,1,,A,155LCf<0003tunJ>MJHqoPJ>0@3o,0*03
!AIVDM,1,1,,B,171:600P00Su3?4>MEcf4?v<24BL,0*2A
!AIVDM,1,1,,A,18Ifnj002ESroF@?4`=bk8b<0849,0*07
!AIVDM,1,1,,A,1718kv80003uChl>KKL<Jr0@04BL,0*31
!AIVDM,1,1,,A,1815?w@02:Srro<>utB3h34:0<;J,0*7D
!AIVDM,1,1,,B,18QdE7001Q3sLRT>HVoF?Tt@0@4G,0*54
!AIVDM,1,1,,A,1718563P?w<tSF0l4Q@>4?v>0d52,0*0B
!AIVDM,1,1,,B,10`3FdOP003u7lF>MaFW:Ov>00Rw,0*0A
!AIVDM,1,1,,A,170RNn2P00StuQV>M>5oU?v>2`41,0*37
!AIVDM,1,1,,B,15SM=>011mSo:4r>V@8E:T::0<<P,0*7A
!AIVDM,1,1,,A,16UCH@002h3gILN>sEJb4`6>00SW,0*02
!AIVDM,1,1,,B,398Vj8QP00SttMH>ML`N4?v@2Cjb,0*11
!AIVDM,1,1,,B,137w4`0P06T0KGP>pOSv4?v@284p,0*3A
!AIVDM,1,1,,B,16?Uku001m3q3DV>pqWCVBpB00Sj,0*5D
!AIVDM,1,1,,A,16@P5D@P1E3u3lH>NAI50?v@0<8?,0*0A
!AIVDM,2,1,4,A,570?L642<7h@7HG;?C@E>0l4Q@4:22222222220l1@D545U>N92Q@QC8,0*38
!AIVDM,2,2,4,A,0C2H88888888880,2*29
!AIVDM,2,1,5,A,54`UtcT2Ca5@?H8G>20IDM8v118u@EE>2222221S1@d755p`?843lU84,0*6E
!AIVDM,2,2,5,A,PDj2A8888888880,2*14
!AIVDM,1,1,,B,15SeHH001uSvra@>q;a1tARD2W3h,0*1C
!AIVDM,1,1,,A,15V0qj0001St6rL>P0g8karD0<Ab,0*63
!AIVDM,1,1,,B,B6@P6Lh0Dpw?IG3WhDuN3wv6oP06,0*5F
!AIVDM,1,1,,B,177FoG001t3mvSh?41<443HB00SF,0*06
!AIVDM,1,1,,A,16?Um500233s@T>?4=?JgHVD0@5f,0*25
!AIVDM,1,1,,B,1715`n00003kB8<>UaP37igp2h5f,0*1E
!AIVDM,1,1,,A,17f6Gc00003u3Dt>SArSKG`@2d3;,0*6E
!AIVDM,1,1,,B,17WMh@00043fSmb?Gfu11a2F0867,0*6B
!AIVDM,1,1,,A,19E4QT001W3nO3H?8h;llChF0L;a,0*4A
!AIVDM,1,1,,B,170ATl001B3sv4d>RkW=S02D2<7j,0*54
!AIVDM,1,1,,A,17fu83AP?w<tSF0l4Q@>4?wv0PS=,0*7F
!AIVDM,1,1,,A,170g7L0P@53mq6d>;6eFAVLH00S@,0*74
!AIVDM,1,1,,B,19NSJrh01u3pt1B>qJ?K08ob04BL,0*2E
!AIVDM,1,1,,B,1815Le@01s3i?I@>5>374UhD00Rp,0*01
!AIVDM,1,1,,A,15Owm@002JSnpKV>VPJKTa@H086m,0*48
!AIVDM,1,1,,A,170RNn2P00StuQV>M>5WU?vF2PSD,0*55
!AIVDM,1,1,,A,35Wnhh8000SuPSH>PrPDlinB0E5e,0*78
!AIVDM,1,1,,A,18L5Cd002B3sGEf>Mo7WV62D04BL,0*45
!AIVDM,1,1,,B,18Ifnj002ESro?6?4`CbjpbF0D<P,0*5B
!AIVDM,1,1,,A,165qvd0000Stth`>MG38HS>J2<7E,0*00
!AIVDM,1,1,,A,13:gAv001pSosVl>THam7l6>0<3d,0*5C
!AIVDM,1,1,,B,16BNq9?P013fFPf?F:@00?vH287L,0*5E
!AIVDM,1,1,,A,1:0Qah501@StuW0>`>G69DjD2=vW,0*68
!AIVDM,1,1,,B,170F3h?P00SuBhh>NLr00?vJ2D1O,0*40
!AIVDM,1,1,,A,3717iT50003u39f>M4R@09TH0Dbr,0*12
!AIVDM,1,1,,B,3EUFfT5000SwKkb>eV@f49<B0000,0*49
!AIVDM,1,1,,B,16tf>2000:3f;?p?9h4UolbL0`7p,0*22
!AIVDM,1,1,,B,15`<g00P02St11p>OCi>4?vJ20Su,0*69
!AIVDM,1,1,,A,19NSQ3KP013hTlV>@fv@0?vJ2H81,0*10
!AIVDM,1,1,,B,15QpSl3000Stu9j>Mb9Gq@6H2888,0*17
!AIVDM,1,1,,A,170?L6;0003u3tl>MIvbCo>L0PSA,0*31
!AIVDM,1,1,,A,198Vim00003s>1h>HOf8N`DN088H,0*58
!AIVDM,1,1,,A,39NSKjE001StwVP>Lbr2q3vH0Dqb,0*79
!AIVDM,2,1,1,B,55D8Kd41r=CK<EQ7>20`484j04hV3>2222222216:hT;:5fV0=TPDj2A,0*71
!AIVDM,2,2,1,B,843lU8888888880,2*18
!AIVDM,1,1,,B,1:0B1h0P013tjul>VU7G2Owp2W3h,0*59
!AIVDM,1,1,,A,170APr00003ssr6>Q8D:U`JN04BL,0*16
!AIVDM,1,1,,B,155>9N80003tD@h>UCBaW7tF088e,0*72
!AIVDM,1,1,,A,13UF6L002ESw:mh?1PQRl2@L0H8g,0*09
!AIVDM,1,1,,A,16@P8<PP1E3u0HR>NWL5I?vN088h,0*65
!AIVDM,1,1,,B,38QmK950003ttRv>MH5pQphH0000,0*0D
!AIVDM,1,1,,B,171@8f00003twap>LSj:RDHJ0<=J,0*33
!AIVDM,1,1,,A,14W0<20026Sdpql?1HjEVDRP00Rk,0*54
!AIVDM,1,1,,B,16?Um9O000Su0Jh>Ln8C5qnN0@9=,0*20
!AIVDM,1,1,,A,15?>qB001dSpavv>rtFKcqK2089@,0*28
!AIVDM,1,1,,A,18156>0P00StuW0>MEAN4?vN24BL,0*74
!AIVDM,1,1,,B,34ctJD1Oh0StE1P>V2@Gv9hF0000,0*22
!AIVDM,1,1,,A,170RNn2P00StuQV>M>5WU?vN2TBL,0*40
!AIVDM,1,1,,A,38157=1000Ssr@V>Q`IWi8TN0lob,0*6D
!AIVDM,1,1,,B,18158lh024Sm>q8?5Kb;maPL04BL,0*69
!AIVDM,1,1,,A,1:5c;w0P003u6<4>Rp9eegvP00SJ,0*52
!AIVDM,1,1,,B,155HAr1000Stu24>MUc@000J2<5j,0*14
!AIVDM,1,1,,A,18TCg60003StATB>U=DU<7vP24BL,0*78
!AIVDM,1,1,,A,14`deg8P00Su36J>M3ab:?vR20Rw,0*61
!AIVDM,1,1,,A,1815GJhvj3So>18>jsaGd62H00Rf,0*77
!AIVDM,1,1,,A,170qWD?P?w<tSF0l4Q@>4?wp0h9k,0*49
!AIVDM,1,1,,A,16tN6j002;3rPWN>HkQT0C:R089l,0*18
!AIVDM,1,1,,B,1815?w@02:Srs4`>ut83h32N00Re,0*3A
!AIVDM,1,1,,B,10;iQCgP00Stw00>M7rrT?vR2<F2,0*72
!AIVDM,1,1,,B,1718kv80003uChj>KKLdJr0R00S3,0*14
!AIVDM,2,1,8,A,58158Ul25T:AKM9cJ21<D4HuR09E8b222222221S3hOON5E<0015@PBH,0*38
!AIVDM,2,2,8,A,14VH13hjlp88880,2*2B
!AIVDM,1,1,,B,1718563P?w<tSF0l4Q@>4?vR0`:6,0*6B
!AIVDM,1,1,,A,10`3FdOP003u7l<>MaFnWwvR0<<P,0*36
!AIVDM,1,1,,A,18QdE7001T3sLU@>HUrF?4tT08:8,0*22
!AIVDM,1,1,,A,171:600P00Su3?@>MEcf4?vR2D;u,0*03
!AIVDM,1,1,,B,155LCf<0003tunD>MJIIoPJT08:?,0*7C
!AIVDM,1,1,,B,B70pAH002Pw@=33WAP?7gw`UoP06,0*23
!AIVDM,1,1,,B,15Owm@002JSnpC`>VPo;TI@T08:B,0*37
!AIVDM,2,1,7,B,56?Um9@2@agUI@eJ2209N10TpF2222222222221@GHW<IEg>0>A5@PBH,0*6F
!AIVDM,2,2,7,B,14VA3hjp8888880,2*73
!AIVDM,1,1,,B,18Uh`J00013uIA@>Rd4a?8VT04BL,0*66
!AIVDM,1,1,,B,170A`f8P003t`ND>W3@06wvR2L7R,0*45
!AIVDM,1,1,,A,15SM=>01QmSo:=@>V?Am:l:N0L<P,0*30
!AIVDM,2,1,0,B,56?UlC82=0@uI@52221<4pl5:1<4q@tu:222221@<P0??5li0D43lU84,0*1C
!AIVDM,2,2,0,B,PDj2A80`0CPp880,2*11
!AIVDM,1,1,,B,15WvdT0P003tu?r>M?Gm4OvP0PSU,0*72
!AIVDM,1,1,,B,13Ik5;0vh4SVb``?Qf=1i4g00<<M,0*05
!AIVDM,1,1,,A,15>u<N000e3pnkt>o7Ok62BR0D6?,0*57
!AIVDM,1,1,,A,16?Uku001m3q3Nj>pqTSVRpV0@:d,0*68
!AIVDM,1,1,,B,3:5dNJ10003s4J8>Hhr8=9>V0DtJ,0*0C
!AIVDM,1,1,,B,16@P5D@P1D3u3rf>N@lE1OvT0@:l,0*24
!AIVDM,1,1,,B,18L5Cd002B3sGCf>Mn>oUn2P0<<P,0*55
!AIVDM,1,1,,A,3H157=1000Ssr@V>Q`IWi8TN0000,0*4C
!AIVDM,1,1,,B,1:0NbF0P013t=Ll>U:g:c?vV00Rb,0*0F
!AIVDM,1,1,,B,19?dah000cStAAh>O96iM18V20S7,0*00
!AIVDM,1,1,,A,171:263P003ttth>M@B:mwvV28;?,0*1C
!AIVDM,1,1,,A,177FoG001t3mvgD?40mT43HT08;I,0*54
!AIVDM,1,1,,A,1715`n00003kB8:>UaOk7igp2`;J,0*76
!AIVDM,1,1,,A,19?rsl00013tUR2>S@Wr9GvV04BL,0*53
!AIVDM,1,1,,A,15SeHH001uSvrkn>q<PAt1Rb2l=w,0*01
!AIVDM,1,1,,B,16KGhT001o3r3nF>pGVk3jJV00SJ,0*7E
!AIVDM,1,1,,B,16?Um500233s@Gd?4=Gbg`V`08;V,0*75
!AIVDM,1,1,,B,170S20;0003tuVt>M6JM50LV08;c,0*54
!AIVDM,1,1,,A,170RNn2P00StuQ`>M>5WU?vV2TBL,0*6E
!AIVDM,1,1,,B,14cudF0000SttPN>MGmh08j`0@;g,0*46
!AIVDM,1,1,,B,170?4RHP00SuPcJ>PrvV<Ov`20S>,0*3B
!AIVDM,1,1,,B,17f6Gc00003u3Dt>SArSKG`V2l3;,0*73
!AIVDM,2,1,4,B,53P=s4D2D3Vg8TEC:209N0hDv22222222222221@G@W:J5r>0D0AD4PH,0*36
!AIVDM,2,2,4,B,888888888888880,2*23
!AIVDM,1,1,,A,370bqr5P00Su2Bj>M0rf4?v`2Jah,0*11
!AIVDM,1,1,,B,15V0qj0001St6rh>P0e8karb0DAc,0*19
!AIVDM,1,1,,A,D03n9s1MeNfp,0*04
!AIVDM,1,1,,A,170ATl001C3sv3V>RlNePh2`2<7o,0*5F
!AIVDM,1,1,,B,13UF6L002ESw:v<?1Pk2l2@`0<<O,0*6B
!AIVDM,1,1,,B,1815<HP01wSm6H4?5F2DuSr`0h<E,0*21
!AIVDM,1,1,,B,3D`UwDCq@bSn>C>>1J6F04VT2000,0*0B
!AIVDM,1,1,,A,34b68050003uOPp>PoIf43hb0Dg:,0*5B
!AIVDM,2,1,6,A,56@P8<P00003QEDL000H5`hE8488TlqJ3;7W801@DpN>940000000000,0*2C
!AIVDM,2,2,6,A,000000000000000,2*22
!AIVDM,1,1,,B,17fu83AP?w<tSF0l4Q@>4?wv0T00,0*16
!AIVDM,1,1,,B,19NSQ3KP013hTlV>@fv@0?vd2<?n,0*11
!AIVDM,2,1,7,A,5815<i02AhLeKMTcR2104<THT>0PE8v222222216E@K;E5q>N?SBC@H4,0*69
!AIVDM,2,2,7,A,hDDQH8888888880,2*6A
!AIVDM,1,1,,A,35@RdT50003tuQD>M6WCOV2gP000,0*5D
!AIVDM,1,1,,A,176tJI0022SpwPJ>waikjjpf0<Ch,0*34
!AIVDM,1,1,,A,170F3h?P00SuBiP>NLp@0?vf24BL,0*24
!AIVDM,1,1,,B,170?L6;0003u3tl>MItbCo>h0d;B,0*4B
!AIVDM,1,1,,A,19NSJTP01u3wQc<>sJdiAi0008=n,0*3A
!AIVDM,1,1,,B,?Neq`dAg7EvPD00,0*72
!AIVDM,1,1,,A,170RNn2P00StuQf>M>5WU?vf2`=C,0*1C
!AIVDM,1,1,,B,16@P8<PP1E3u0MF>NVlmHwvh04BL,0*33
!AIVDM,1,1,,B,13:gAv001pSoshL>TGeU846T0L3d,0*3F
!AIVDM,1,1,,A,1815OG@01u3v1<r>qGwQEi6h0LDD,0*0D
!AIVDM,1,1,,A,15QpSl3000Stu9j>Mb9G;06d2@>5,0*71
!AIVDM,1,1,,A,155>9N80003tD@h>UCBaW7tb0D<P,0*18
!AIVDM,1,1,,A,170Bvb?wP1Stu6v>M4ka2Hnh0D<P,0*54
!AIVDM,1,1,,B,17f6E@@v2?3r=6>?4tGrkpfh04BL,0*6C
!AIVDM,1,1,,B,185K?KPP00Su3f0>RreFuwvj04BL,0*4C
!AIVDM,1,1,,B,19NS`SPP?w<tSF0l4Q@>4?wv0TBL,0*31
!AIVDM,1,1,,B,170APr00003ssr8>Q8CBC`Jj00RC,0*4D
!AIVDM,1,1,,A,18158lh024Sm>gL?5LG;maPf0<<P,0*6A
!AIVDM,1,1,,A,12vg200000Su8o`>M@8v48bj2@>k,0*79
!AIVDM,1,1,,A,13ku9LP020SsbLl>Rkk7AEjh8DF@,0*68
!AIVDM,1,1,,B,19NSJG@0003uNtb>Pienf6Tl00Rc,0*06
!AIVDM,1,1,,B,15?uQb300NSqT08>ol<K<90j2@>q,0*73
!AIVDM,1,1,,A,1718kv80003uChh>KKLtJr0l08?8,0*54
!AIVDM,1,1,,B,15?>qB001dSpanf>rtosdIKD0D<P,0*12
!AIVDM,1,1,,A,17Ww548001Su<C:>WIfp5@rj0<8O,0*4B
!AIVDM,1,1,,A,16?Um9O000Su0Jn>Ln835qnl0@?D,0*08
!AIVDM,1,1,,B,1815I>@01P3p3;V>`h7h?R0j08?G,0*7D
!AIVDM,1,1,,A,13UF6L002ESw;54?1Q22l2@l0<<P,0*69
!AIVDM,1,1,,A,13=S5j001S3shGd>P3cefK2l04BL,0*5E
!AIVDM,1,1,,A,18KCgl300OSs1Gb>PUHpu7<h04BL,0*7B
!AIVDM,1,1,,B,13P=s4@00qSsou2>TQ`5ETDn00Rg,0*54
!AIVDM,1,1,,B,171:600P00Su3?@>MEbv4?vl2H?R,0*00
!AIVDM,1,1,,B,18QdE7001`3sLaF>HTrn>Ttn0<A:,0*28
!AIVDM,1,1,,A,171DUp8P00StuP6>MED;7?vh00Rg,0*46
!AIVDM,1,1,,A,10;iQCgP00Stw00>M7rJQwvn24BL,0*4A
!AIVDM,1,1,,A,15WvdT0P003tu?v>M?H5Gwvl0`?q,0*2D
!AIVDM,1,1,,B,34`deg8P00Su36J>M3`J7wvn24TS,0*16
!AIVDM,1,1,,B,15SM=>011mSo:EV>V>K5;4:j0@?u,0*39
!AIVDM,1,1,,B,10`3FdOP003u7l:>MaFkW?vn0<<O,0*5D
!AIVDM,1,1,,A,1815?w@02:Srs@l>ut0Sh32j00RI,0*21
!AIVDM,1,1,,A,?Neq`dAg7EvPD00,0*71
!AIVDM,1,1,,B,15>u<N000e3pnpH>o7Tk7BBn0D6?,0*25
!AIVDM,1,1,,A,170RNn2P00StuQ`>M>5WU?vn2d6@,0*1E
!AIVDM,1,1,,A,H70?H<4UCBD9<c<1n5jhki1PD52t,0*60
!AIVDM,1,1,,A,16:218001m3w1m<?6d0b7`8p08@f,0*56
!AIVDM,1,1,,A,170A`f8P003t`N8>W3?oSwvp20Rl,0*7A
!AIVDM,1,1,,B,15Owm@002JSnp4r>VQ`cQa@r08@n,0*59
!AIVDM,1,1,,A,170S20;0003tuVt>M6JM50Lp04BL,0*2B
!AIVDM,1,1,,B,15SeHH001uSvrrh>q=@itARp2d>1,0*0B
!AIVDM,1,1,,A,16@P5D@P1D3u40p>N@>m4gvp00Rl,0*1F
!AIVDM,1,1,,A,16KGhT001o3r40N>pGnk3RJp0<7m,0*45
!AIVDM,1,1,,A,1:0NbF0P003t=LP>U:g01Ovr04BL,0*07
!AIVDM,1,1,,B,1715`n00003kB82>UaOS7igp2`A2,0*47
!AIVDM,1,1,,A,15C0at?P003p?kN>fO`;Bgvp08A4,0*60
!AIVDM,1,1,,B,38Iv;@50003tuiF>MNUTA68t0ETb,0*36
!AIVDM,1,1,,B,13e5e<3000Sq<Jh>bKu`jadn00RV,0*16
!AIVDM,1,1,,B,171:263P003ttt`>M@BblOvt2@AD,0*2D
!AIVDM,1,1,,A,16?`210P0O3u6td>Ml5n:?vr00S3,0*27
!AIVDM,1,1,,A,15TAI430013uIWf>RujK9Gvt00S2,0*53
!AIVDM,1,1,,A,15V0qj0001St6rl>P0bpkart0@AL,0*6C
!AIVDM,1,1,,A,14cudF0000SttPJ>MGn@08jt04BL,0*58
!AIVDM,1,1,,A,18Ifnj002ESrnl0?4`arjpbr0@Ai,0*4A
!AIVDM,1,1,,A,155IsH?P02SuAnp>Rtt>4?vt24BL,0*22
!AIVDM,1,1,,B,403n9s1vEr2WNSS=1F@>vMG008B3,0*6C
!AIVDM,1,1,,B,D03n9s1MeNfp,0*07
!AIVDM,2,1,6,A,58Iv;@42AS8SUKO77J098U@tTj37;2222222220l1PU975o90=i3@p5@,0*4A
!AIVDM,2,2,6,A,AH8888888888880,2*2B
!AIVDM,1,1,,A,370PQn5000SttLD>MIUf45wp0Dab,0*5B
!AIVDM,1,1,,A,170g7L00053mq7D>;6W6@6Dv0D>s,0*7A
!AIVDM,1,1,,B,170ATl001D3sv1n>RmG=S@2v2L7u,0*66
!AIVDM,1,1,,B,19NSJrh01u3psal>qJkc1`nJ00S>,0*3C
!AIVDM,1,1,,B,3HIv;@50003tuiF>MNUTA68t0000,0*05
!AIVDM,2,1,1,B,55@@sn42CtO?<H94000Lm<Dq@E918U<D000000004@iAC5bDE=3QPP00,0*24
!AIVDM,2,2,1,B,000000000000000,2*26
!AIVDM,1,1,,A,15Wnhh8000SuPTN>PrNTjAnt0D8B,0*46
!AIVDM,1,1,,B,1:5ed90P1E3rwEt>W2Bn@?w00<1L,0*0E
!AIVDM,1,1,,A,170?L6;0003u3tl>MItrCoA20d;B,0*7D
!AIVDM,2,1,3,B,58L5Cd02@H6gUKW?O>050j0<PtpM4TpN22222217PqFP>5r3?RPABQ@H,0*12
!AIVDM,2,2,3,B,888888888888880,2*24
!AIVDM,1,1,,B,176tJI0022Spweb>waRCjRq40<Cd,0*5E
!AIVDM,1,1,,B,15QpSl3000Stu9j>Mb9G9h702@Cc,0*56
!AIVDM,1,1,,A,15@LN80000SuOAH>PmU`c6O00@Ce,0*72
!AIVDM,1,1,,A,3J0Qah501AStudD>`<p684jp2000,0*00
!AIVDM,1,1,,A,19NSQ3KP013hTlf>@g1P0?w22@Ch,0*25
!AIVDM,1,1,,B,16BNq9?P013fFPf?F:@00?w224BL,0*5C
!AIVDM,1,1,,B,15?Wrn30003tv;p>LUm96Ss40<<M,0*00
!AIVDM,1,1,,A,398Vim00003s>1h>HOf8N`E4031i,0*02
!AIVDM,1,1,,A,171@8f00003twap>LSj;gTHv04BL,0*59
!AIVDM,1,1,,A,13:gAv001pSosqn>TFi5846r0D3d,0*44
!AIVDM,1,1,,B,38L>UL000TStbi<>SF5iwAM405rC,0*3D
!AIVDM,1,1,,B,16BOu7=P0mStw?p>PU>G;Ow424BL,0*3F
!AIVDM,1,1,,B,1815OG@01u3v1Cf>qI6iEi760<DH,0*31
!AIVDM,1,1,,A,15?uQb300PSqSuN>olB;<91420S@,0*27
!AIVDM,1,1,,A,3J5bj=1vh0Su@:V>SS7P07bt2000,0*00
!AIVDM,1,1,,A,370Tw05001Su26@>M7@;u;?60Dn:,0*3F
!AIVDM,1,1,,B,155H2B03@0StuI<>MEQP0:wp000o,0*1D
!AIVDM,1,1,,B,155>9N80003tD@h>UCBaW7rv08DJ,0*17
!AIVDM,1,1,,B,18158lh024Sm>Tl?5M;cmaQ408DN,0*6E
!AIVDM,2,1,4,B,570gRj823b4`7HG;OWD4u>3>200000000000001S00000t0Ht0000000,0*45
!AIVDM,2,2,4,B,000000000000000,2*23
!AIVDM,1,1,,B,3815Dhm0003u1l>>M?Gthr560EKJ,0*6C
!AIVDM,1,1,,A,16@P8<PP1E3u0S@>NV55Egw608Dd,0*49
!AIVDM,1,1,,B,16tN6j002:3rQ1<>Hjp403;80D?o,0*2D
!AIVDM,1,1,,A,3815GJh023So=rB>jq5WaF300E=e,0*02
!AIVDM,1,1,,A,170RNn2P00StuQ`>M>57U?w62d6@,0*27
!AIVDM,1,1,,B,171DUp8P01StuOv>MECK7?w00L90,0*75
!AIVDM,2,1,8,B,58SJPS`2>1UQQHa?N20qJ055D4l58TpF2222221@HPR7M5r10B4j0DRP,0*4E
!AIVDM,2,2,8,B,DbU@AH888888880,2*15
!AIVDM,1,1,,A,B2vh@5@00@w7i;S`p;iGcwiSQP06,0*50
!AIVDM,1,1,,B,13ku9LP021SsbKT>RjI7BEk484BL,0*50
!AIVDM,1,1,,A,34W0<20126Sdq9J?1FKUUlS802r1,0*3D
!AIVDM,1,1,,B,B2vh@5@00@w7i;S`p;iGcwiSQP06,0*53
!AIVDM,1,1,,A,14`deg8P00Su36L>M3a:6Ow828E7,0*77
!AIVDM,1,1,,B,13=S5j001T3shFN>P4begK3600SI,0*3D
!AIVDM,1,1,,B,18Uh`J00013uIA@>Rd5I?8a80@E:,0*11
!AIVDM,1,1,,B,16?Um9O000Su0Jj>Ln7k5qo808E@,0*0B
!AIVDM,1,1,,B,10;iQCgP00Stw00>M7rJS?w:24BL,0*56
!AIVDM,1,1,,B,19NSRP0000Ss6GT>IEFW3`Q:0@EK,0*52
!AIVDM,1,1,,B,15VLOJ0wh0Su2VL>MAv=37A824BL,0*23
!AIVDM,1,1,,B,155HAr1000Stu24>MUd000142<5k,0*1D
!AIVDM,1,1,,B,3C=CiD10003u@6d>WHNAgG900000,0*54
!AIVDM,1,1,,A,16BP9W0P00SuAjp>NGIMp?w82<7J,0*00
!AIVDM,1,1,,A,18L5Cd002A3sG=f>MkVGUn3400S9,0*01
!AIVDM,1,1,,A,170?oL0P00StRAh>U0bR5ww828Em,0*74
!AIVDM,1,1,,B,16LavB001WSuAJv?4A9b685<0@Et,0*51
!AIVDM,1,1,,B,155LCf<0003tun2>MJI9oPK<08Ev,0*25
!AIVDM,1,1,,A,15Ro?R001w3V>:P?VU<:W`O<0@F0,0*7D
!AIVDM,1,1,,A,38KI3b1P00SsV=8>WEB3Bgw:0Dg:,0*70
!AIVDM,1,1,,B,16@P5D@P1C3u46F>N?eE5Ow:0@F<,0*71
!AIVDM,1,1,,A,160ksP002>3oUUl>mDa493E:0<<O,0*2D
!AIVDM,1,1,,A,3G18<r3P@6Su<i0>QtgqcHA22000,0*14
!AIVDM,1,1,,B,15WvdT0P003tu?v>M?H3`ww:0hFL,0*14
!AIVDM,1,1,,B,16UCH@002g3gHbN>sD<:4`7<0D<P,0*11
!AIVDM,1,1,,B,13Ik5;0004SVb`v?Qf@1iTgb00Rr,0*1F
!AIVDM,2,1,3,A,56BrUk5Tam1dE1HKV22l858V222222222222221620?447?P00888888,0*6F
!AIVDM,2,2,3,A,888888888888880,2*27
!AIVDM,1,1,,B,15TAI430013uIWh>Rujs9Gw>0LAJ,0*3B
!AIVDM,1,1,,A,3G13cn0P?w<tSF0l4Q@>4?wvP000,0*05
!AIVDM,1,1,,B,37f6GpQ0003uIt8>WSm9SW9>0000,0*09
!AIVDM,1,1,,A,15SeHH001uSvs2@>q>=QtAS@2`Fi,0*32
!AIVDM,1,1,,A,170TcN0P00SuOFP>PwIv4?w<24BL,0*18
!AIVDM,1,1,,A,171:263P003tttJ>M@Drngw>2<><,0*08
!AIVDM,1,1,,B,16?`210P0Q3u6ut>Mkhn<?w>04BL,0*50
!AIVDM,1,1,,B,1:0NbF0P003t=LP>U:g73Ow>00R>,0*2A
!AIVDM,1,1,,B,171@8f00003twap>LSj7ATI:0<=H,0*4E
!AIVDM,1,1,,B,15V0qj0001St6s2>P0c8kas@04BL,0*3B
!AIVDM,1,1,,B,170S20;0003tuVt>M6JM50Q>0009,0*78
!AIVDM,1,1,,A,170RNn2P00StuQV>M>57U?w>2TBL,0*51
!AIVDM,1,1,,A,18I10J0w@03tudh>MJgUE@Q>0@GO,0*3D
!AIVDM,1,1,,A,19?rsl00003tUQp>S@Wb9ow@0<<P,0*56
!AIVDM,1,1,,B,16?Um500233s?u4?4=a:gHWB0DEu,0*3C
!AIVDM,2,1,3,B,55PuBn02AOG8Q3GK7B0E>184Tp8uN222222222000pH365Ki0743lU84,0*38
!AIVDM,2,2,3,B,PDj2A8888888880,2*11
!AIVDM,1,1,,B,170?4RHP01SuPc`>Prun6wwB2D9g,0*7D
!AIVDM,1,1,,A,403n9s1vEr2W`SS=1F@>vMG004BL,0*32
!AIVDM,1,1,,A,D03n9s0fmNfp,0*26
!AIVDM,1,1,,B,1815<HP020Sm6f4?5DNDuSs@0pGw,0*45
!AIVDM,1,1,,B,19E4QT001W3nOLL?8fD4lSiB00SA,0*3A
!AIVDM,1,1,,B,170g7L0P@53mq7J>;6T6<VAB0<>s,0*31
!AIVDM,1,1,,A,18SJPSP005SuBdN>QV0E2Bu>0<H6,0*1B
!AIVDM,1,1,,B,14cudF0000SttPD>MGo@08kD08H<,0*13
!AIVDM,1,1,,B,1567=l0000Stujf>MI::0hCD20Sh,0*73
!AIVDM,1,1,,B,15Owm@002JSnokV>VRSsRaAD0<G4,0*70
!AIVDM,1,1,,A,36tN6j00293rQ6B>Hjh3wk;D01bQ,0*3C
!AIVDM,1,1,,A,170ATl001C3suwj>RnEeTP3B20RR,0*66
!AIVDM,1,1,,B,19NSB1B0003tujp>MJtW0hO@08HF,0*52
!AIVDM,1,1,,B,17fu83AP?w<tSF0l4Q@>4?wv0hHG,0*25
!AIVDM,1,1,,A,171<:khP00SuPW@>Pr?jdgw@04BL,0*52
!AIVDM,2,1,3,B,55@RdT02Ase?<HaSF20lE8l4TB1<510PU8F222002ha695250<Q5@PBJ,0*06
!AIVDM,2,2,3,B,5@AJH8888888880,2*2A
!AIVDM,1,1,,B,18L5Cd002A3sG;T>MjgGUV3@0HH`,0*70
!AIVDM,1,1,,A,15`@5n001cSvdqh?1wVAuQUD0<Bt,0*32
!AIVDM,1,1,,B,170?L6;0003u3tr>MItrCo?F0PSS,0*27
!AIVDM,1,1,,B,15TU>V0wh0StiOf>W5habBM<0<<p,0*74
!AIVDM,1,1,,A,16BNq9?P013fFPf?F:@00?wD2<8N,0*59
!AIVDM,1,1,,B,160ksP002>3oUdd>mDLT93ED00SU,0*5D
!AIVDM,1,1,,A,15QpSl3000Stu9j>Mb9G307D28IF,0*24
!AIVDM,2,1,0,A,55?Wrn400003<HQ7R21<4U0Dn0Dp@D5HuE:2221J4AhFD4l?0:A5@PBA,0*49
!AIVDM,2,2,0,A,188888888888880,2*2D
!AIVDM,1,1,,A,18JFUh0029Sl2JL?7KgTpSsF0HIN,0*07
!AIVDM,1,1,,A,35AOKB5000Stuu2>MR:a1SAB0Dg:,0*05
!AIVDM,1,1,,A,16BOu7=P0mStw?N>PTbG?OwF2<80,0*27
!AIVDM,1,1,,A,12vg200000Su8ol>M@8v48aF20SB,0*6E
!AIVDM,1,1,,A,18L>UL000TStbkt>SFF1wAMH04BL,0*1F
!AIVDM,1,1,,B,16@P8<PP1E3u0`@>NUNEEwwH0HIn,0*68
!AIVDM,1,1,,A,15?Wrn30003tv;p>LUm96SsH0HIq,0*42
!AIVDM,1,1,,A,19NSJTP01u3wQp<>sLqAAi0`0<<O,0*66
!AIVDM,1,1,,B,170gRj?P00Su4;0>MJnv4?wH24BL,0*27
!AIVDM,1,1,,A,1:0B1h0P003tjul>VU6G2Owp2W3h,0*5A
!AIVDM,1,1,,A,170F3h?P00SuBjP>NLmt8wwH28J<,0*15
!AIVDM,1,1,,B,170APr00003ssr8>Q8B278IF0@J<,0*28
!AIVDM,1,1,,A,170sPJ0P003u3>0>MEN<2gwH0@JG,0*31
!AIVDM,2,1,1,B,5:5bj=42<pTODToC;D0lU944@00000000000001I;pG:9uI96DTj2`0C,0*55
!AIVDM,2,2,1,B,Pj3lPAi@0000000,2*7B
!AIVDM,1,1,,B,19NSJG@0003uNt6>PidCSVUJ0<Ci,0*1B
!AIVDM,1,1,,B,19NS`SPP?w<tSF0l4Q@>4?wv0`JS,0*12
!AIVDM,1,1,,A,176tk0001lSo=Hf?1B03h33L0DE3,0*22
!AIVDM,1,1,,A,16?Um9O000Su0Jf>Ln7k5qoJ0L<P,0*6B
!AIVDM,1,1,,A,13=S5j001V3shE8>P5guh;3J0@Jg,0*19
!AIVDM,1,1,,A,155HAr1000Stu22>MUd@001F2@Jm,0*1F
!AIVDM,1,1,,A,360n4>11003V>D0?OnuU@F=D0P00,0*79
!AIVDM,1,1,,B,1:5c;w0P003u6<2>Rp9P4gwL0@Jv,0*7B
!AIVDM,1,1,,A,1815?w@02:Srs`p>usg3eS1F0@K1,0*7E
!AIVDM,1,1,,A,1718563P?w<tSF0l4Q@>4?wL0`K3,0*03
!AIVDM,1,1,,A,13ku9LP021SsbJ0>RhoWAUkJ84BL,0*1F
!AIVDM,1,1,,B,15SM=>011mSo:U:>V<im;l=H00Sc,0*4A
!AIVDM,1,1,,B,170qWD?P?w<tSF0l4Q@>4?wp0PS?,0*4C
!AIVDM,1,1,,B,15?>qB001dSpaSL>rv6KdIJ60<<P,0*6D
!AIVDM,1,1,,A,15VLOJ0wh0Su2VD>MAuM2WAL2D71,0*36
!AIVDM,1,1,,B,14`deg8P00Su36H>M3VJ6?wN20SI,0*51
!AIVDM,1,1,,B,18QdE7001d3sLj2>HRRF>DuN00Sc,0*2B
!AIVDM,1,1,,A,30;iQCgP00Stw02>M7rJTOwN2753,0*5D
!AIVDM,2,1,0,B,59?Ng841mU7pCH7;;78`484j04hVo622222222165qV<<uql0?lj0DRP,0*2E
!AIVDM,2,2,0,B,B83l38000000000,2*09
!AIVDM,2,1,1,B,55C5qp400003<IQKN20QUDp@4V3733222222221J7HuG95pj0<Tj0DRP,0*36
!AIVDM,2,2,1,B,B85@AH888888880,2*20
!AIVDM,1,1,,A,170RNn2P00StuQb>M>5oU?wN2TBL,0*4D
!AIVDM,1,1,,B,15>u<N000e3po14>o7g38RCN0D6?,0*4C
!AIVDM,1,1,,B,18Ifnj0vjESrnJF?4`vbjpcN0D<O,0*62
!AIVDM,1,1,,A,H6@P6Lm60000000pFID0005`=770,0*0A
!AIVDM,1,1,,B,177FoG001t3mw@8?3wo443GP04BL,0*54
!AIVDM,1,1,,B,13e5e<3000Sq<K4>bL2`jaeN08LS,0*39
!AIVDM,2,1,3,A,59NSWd`2==t;Dh4;N20<4lThh62222222222221@GhWA@5rd0DQ60`11,0*28
!AIVDM,2,2,3,A,888888888888880,2*27
!AIVDM,1,1,,A,3E5GnT0P1eT2388?:mNRK?wN0000,0*40
!AIVDM,1,1,,B,15SeHH001uSvs;f>q?01tAST2`Lq,0*74
!AIVDM,1,1,,A,160ksP002>3oUmh>mD6493ER0D<O,0*56
!AIVDM,1,1,,B,16?Uku001m3q41n>pqFk`2qT0@Ls,0*09
!AIVDM,1,1,,B,1:0<;9?0003tu5H>MVfs:EmR0D:h,0*36
!AIVDM,1,1,,B,16UCH@002g3gHFT>sCdr4`7T0L<P,0*58
!AIVDM,1,1,,A,15TAI430013uIWh>Rujc9GwT08M>,0*4E
!AIVDM,1,1,,A,15V0qj0001St6s@>P0cpkaqV0<A`,0*31
!AIVDM,1,1,,A,15C3pv0P003u3;p>StttVwwv0<<P,0*53
!AIVDM,1,1,,B,35WR<F5P00Stunl>MLVavOwV0DTJ,0*13
!AIVDM,1,1,,B,D03n9s@fmNfp,0*55
!AIVDM,1,1,,A,170g7L00043mq7P>;6QF<F?V0@Md,0*2E
!AIVDM,1,1,,B,403n9s1vEr2WjSS=1F@>vMG00@Mi,0*65
!AIVDM,1,1,,B,D03n9s0fmNfp,0*25
!AIVDM,1,1,,B,19NSJrh01u3psCR>qKFc0po20D<P,0*11
!AIVDM,1,1,,A,16?Um500233s?hR?4=iJg`WV00S>,0*29
!AIVDM,2,1,5,B,53ku:6l2Dit0=4TcN2088>1<tpN2222222222216@p<7@5Jj0Al3lU82,0*7D
!AIVDM,2,2,5,B,j0C2A8888888880,2*70
!AIVDM,1,1,,B,170chV5P1fSt8jb>O@RD1?wV24BL,0*6B
!AIVDM,1,1,,A,170?4RHP013uPct>PrtF5gwV2@Mt,0*47
!AIVDM,1,1,,B,1815Le@01t3i?Gd>58iW4UiT0L<B,0*21
!AIVDM,1,1,,A,170RNn2P00StuQf>M>5oU?wV2`Mj,0*4C
!AIVDM,2,1,8,B,54h@a>40?L;a`LDCP01<lE84h@4000000000000U5`Q64v3;06Q5@PB@,0*67
!AIVDM,2,2,8,B,000000000000008,2*27
!AIVDM,1,1,,B,170ATl001CSsuuv>Ro>ePh5V2D80,0*33
!AIVDM,1,1,,A,17fu83AP?w<tSF0l4Q@>4?wv0`Om,0*03
!AIVDM,1,1,,B,16BNq9?P013fFPp?F:@h0?w`28Nq,0*7D
!AIVDM,1,1,,B,15`@5n001cSve2R?20K1uASb0<Bu,0*51
!AIVDM,2,1,2,B,570J;V02>3ad7HG;?C8mB0tl4U:222222222221@=8G7<5pWj<Tj0DRP,0*16
!AIVDM,2,2,2,B,B88888888888880,2*5F
!AIVDM,1,1,,B,18L>UL000TStbnL>SFTiu1Mb08O2,0*4C
!AIVDM,1,1,,B,15Owm@002JSnoSn>VSN;TqAb0DG4,0*6C
!AIVDM,1,1,,A,13:gAv001pSot:v>TE2m7l7R08O<,0*3E
!AIVDM,1,1,,B,170F3h?P00SuBjf>NLm@0?wb28OE,0*02
!AIVDM,1,1,,B,16BOu7=P0mStw>r>PT6G>Owb28OM,0*66
!AIVDM,1,1,,A,185K?KPP01Su3f>>Rrbo4wwd0<BR,0*36
!AIVDM,1,1,,B,176tJI0022Sq06F>wa?kiRqd00S=,0*3C
!AIVDM,1,1,,B,15?Wrn30003tv;p>LUm9;Ssd0@OQ,0*4E
!AIVDM,1,1,,A,35?uQb300PSqSov>olMKAa5b2171,0*1B
!AIVDM,1,1,,A,170APr00003ssqr>Q8A0e8Ib0D8s,0*2C
!AIVDM,1,1,,B,18L5Cd002A3sG7f>Mi9oUV3V00S5,0*1B
!AIVDM,1,1,,A,15@LN80000SuOAH>PmU`c6O`00ST,0*73
!AIVDM,1,1,,B,1815OG@01u3v1QH>qKEQF17d08Oe,0*6F
!AIVDM,1,1,,A,170?L6;0003u3u2>MIubCo?d0hOg,0*46
!AIVDM,1,1,,A,16@P8<PP1E3u0f4>NTm5>?wd04BL,0*01
!AIVDM,1,1,,A,165qvd0000Stth`>MG38HS?f2L7D,0*5C
!AIVDM,1,1,,B,13B@nB0vk63u;Ah>gMB2Kiud04BL,0*1B
!AIVDM,1,1,,A,15CMQV300?3rEwT>E6l02ruf00SL,0*5D
!AIVDM,1,1,,B,35QpSl3000Stu9j>Mb9G207b20oS,0*39
!AIVDM,1,1,,A,35QeA:50003uN<4>Pqg001md0000,0*2A
!AIVDM,1,1,,B,170Bvb?w@1Stu76>M4jHbHod0<<P,0*0B
!AIVDM,1,1,,B,171DUp8P01StuOp>MEB;7?w`08P;,0*44
!AIVDM,1,1,,B,15`<g00P01St120>OCjN4?wd2@P<,0*4F
!AIVDM,1,1,,A,18Ifnj0wRESrnAn?4a5bjpcb0<<P,0*72
!AIVDM,1,1,,B,16BbiC8P00SuC5<>NUJ>4?wd28PA,0*7E
!AIVDM,1,1,,B,160ksP002>3oUtD>mCqT93Ed0@PD,0*15
!AIVDM,1,1,,A,19NSJG@0003uNsr>PidDW6Uf04BL,0*38
!AIVDM,1,1,,A,170gRj?P00Su4:r>MJoN4?wf2<7i,0*28
!AIVDM,1,1,,B,E>l1q0J21@7W2P0000000000000Av1VT7>tn`2088@r>60,0*06
!AIVDM,1,1,,B,1:0B1h0P013tjuh>VU672Owp2pPN,0*4E
!AIVDM,1,1,,A,1815GJh1B3So=kH>jnHGa65`00S`,0*28
!AIVDM,1,1,,B,155HAr1000Stu26>MUdP001b24BL,0*71
!AIVDM,1,1,,B,18Uh`J00013uIA6>Rd5I?8ah0DB?,0*31
!AIVDM,1,1,,A,1:5c;w0P013u6<6>Rp:P@wwh04BL,0*78
!AIVDM,1,1,,A,170RNn2P00StuQj>M>5oU?wf2hP?,0*30
!AIVDM,1,1,,B,15VLOJ0wh0Su2VH>MAte0oAh2<75,0*72
!AIVDM,1,1,,B,18ISob001t3t2GB?3?6:fHPT00RO,0*06
!AIVDM,1,1,,B,18158lh024Sm>>D?5No;maQf0<<P,0*13
!AIVDM,1,1,,A,18156>0P00StuW8>MEBf4?wf2D9@,0*79
!AIVDM,1,1,,B,18KCgl300NSs1@n>PTg8vo?d04BL,0*40
!AIVDM,1,1,,B,16?Um9O000Su0Jh>Ln7C5qoh0@Pt,0*28
!AIVDM,1,1,,B,1718kv80003uChr>KKL<Jr1j00S=,0*63
!AIVDM,2,1,1,A,570F3h4000000000000P4m8UT610u9@<tqA8tj1S00000t0Ht0000000,0*40
!AIVDM,2,2,1,A,000000000000000,2*25
!AIVDM,1,1,,B,13UF6L002ESw;ft?1RQ2l2Af04BL,0*78
!AIVDM,1,1,,A,15?>qB001dSpaJD>rvccdaJJ0HQ5,0*2A
!AIVDM,1,1,,A,16UCH@002g3gH<`>sCM:4p7h00S;,0*20
!AIVDM,1,1,,A,13P=s4@00qSsp8n>TP=UETEj0@Q:,0*4E
!AIVDM,1,1,,A,10`3FdOP003u7lL>MaGB@?wh0D<P,0*77
!AIVDM,1,1,,A,870F3h0j2P00000000000?`50000,0*66
!AIVDM,1,1,,B,19NSRP0000Ss6GT>IEFW3`Qj0<Au,0*44
!AIVDM,1,1,,A,1815I>@01P3p3?6>`kL@@j1j00RI,0*67
!AIVDM,1,1,,A,171@8f00013twap>LSj1<DGb00S`,0*3B
!AIVDM,1,1,,B,1815?w@02:Srspl>usRSeS1f04BL,0*04
!AIVDM,2,1,9,A,56BM;H02AsIpE04s>20pDLTr1@T@F3:22222220M1@D445U<04Tj0DRP,0*7A
!AIVDM,2,2,9,A,H88888888888880,2*5D
!AIVDM,1,1,,B,1:0NbF0P003t=LP>U:g:TOwj00SF,0*6D
!AIVDM,1,1,,B,16@P5D@P1A3u4B6>N>SU7?wj0<8B,0*0E
!AIVDM,1,1,,A,35QfGN1Oh23uBwf>TMos`7wj0000,0*5E
!AIVDM,1,1,,B,16:218001m3w1CL?6cF:7`9l04BL,0*1B
!AIVDM,1,1,,B,155LCf<0003tumr>MJIaoPKl0<<f,0*03
!AIVDM,1,1,,B,15`1kj0P00Su44<>MJJ>4?wl28R5,0*3B
!AIVDM,1,1,,A,170TcN0P00SuOG0>PwIv4?wl20Rw,0*06
!AIVDM,2,1,6,B,54`deg40000000000004iT62222222222222220U1PM44t0Ht0000000,0*2F
!AIVDM,2,2,6,B,000000000000000,2*21
!AIVDM,1,1,,B,15WvdT0P003tu?F>M?F03gwj0hRG,0*25
!AIVDM,1,1,,B,170A`f8P013t`Mr>W3>WQ?wl24BL,0*6B
!AIVDM,1,1,,B,170S20;0003tuVt>M6JM50Ql0<62,0*2B
!AIVDM,1,1,,A,19?rsl00003tUQh>S@`;;p1l04BL,0*3D
!AIVDM,1,1,,A,15SeHH001uSvsCR>q?jAtAR02hRa,0*72
!AIVDM,1,1,,B,1714VL0000Su4ar>M>dIh2Wj00F`,0*1C
!AIVDM,1,1,,A,18I10J0v003tudt>MJg5E@Ql00T5,0*7B
!AIVDM,1,1,,A,18UQGn00003p3R@>`@HE6i2000RJ,0*36
!AIVDM,1,1,,A,170RNn2P00StuQj>M>67U?wn2hRI,0*17
!AIVDM,1,1,,B,15TAI430013uIWp>Ruic9Gv00@Rw,0*1D
!AIVDM,1,1,,B,17f6Gc00003u3Dt>SAp3KGcl2d3;,0*20
!AIVDM,1,1,,B,16?Um500233s?Sr?4=rJg`V000Rn,0*1C
!AIVDM,1,1,,B,18Ifnj002ESrn9D?4a<bjpcn04BP,0*77
!AIVDM,1,1,,B,16KGhT001o3r4Sd>pHeC3jKn00R8,0*38
!AIVDM,1,1,,B,15V0qj0001St6sH>P0dpkap20DAc,0*23
!AIVDM,2,1,7,B,55QpSl82EoHK<Hi?@00PTm>3H00000000000001J0000003806i3@p43,0*49
!AIVDM,2,2,7,B,lU0000000000008,2*11
!AIVDM,1,1,,A,18L5Cd002A3sG5L>Mh8oUV3l0@0I,0*65
!AIVDM,1,1,,B,170g7L00043mq7F>;6NF<6:20@0I,0*65
!AIVDM,1,1,,B,14cudF0000SttP4>MGp@08j20@0Q,0*66
!AIVDM,1,1,,B,14`Uw;P0293rlSl>q8J3IBgn04BP,0*3A
!AIVDM,1,1,,A,D03n9r2<UNfp,0*47
!AIVDM,1,1,,A,6>lWg9@00000>d`00000000,0*01
!AIVDM,1,1,,A,171<:khP00SuPWH>Pr?2dgwn0<69,0*25
!AIVDM,1,1,,A,170ATl001CSsut8>Rp7MQP222<80,0*63
!AIVDM,1,1,,B,19E4QT001W3nOen?8e0Tm3j40D;h,0*07
!AIVDM,1,1,,B,17fu83AP?w<tSF0l4Q@>4?wv0h17,0*2C
!AIVDM,1,1,,A,3341FF1000SsuwL>R@8eOGJ20000,0*4D
!AIVDM,1,1,,B,15Wnhh8000SuPTB>PrPTkAn0081>,0*1B
!AIVDM,1,1,,A,E>lUV4iR8J00000000000000000ApW7I7LFUpN3kkkv010,0*2E
!AIVDM,1,1,,A,170jBT?P00SuOg>>Q0HuS?v420SB,0*6C
!AIVDM,1,1,,B,1567=l0000Stujj>MI9qrhB62H1`,0*14
!AIVDM,1,1,,A,176tJI0022Sq0Al>wa7Ci2p6081j,0*4C
!AIVDM,1,1,,A,15?Wrn30003tv;p>LUm9>3r604BP,0*03
!AIVDM,1,1,,B,171@8f00003twap>LSj5LDF20820,0*25
!AIVDM,1,1,,B,15TU>V0100StiP<>W5iJJ2Mf0<=0,0*46
!AIVDM,1,1,,A,18JFUh0029Sl2h0?7J1TpSr40@2;,0*7B
!AIVDM,1,1,,A,1:0B1h0P013tjuh>VU6o2Owp2PSL,0*34
!AIVDM,1,1,,A,16BNq9?P01SfFPp?F:@h0?v6282E,0*01
!AIVDM,1,1,,A,170RNn2P00StuQj>M>5oU?v62l6@,0*7C
!AIVDM,1,1,,B,15@LN80000SuOAH>PmU`c6N40<<O,0*5D
!AIVDM,1,1,,A,15`<g00P01St120>OCjv4?v820SN,0*28
!AIVDM,1,1,,A,170F3h?P00SuBjt>NLm00?v824BP,0*2C
!AIVDM,1,1,,A,18KCgl300OSs1>j>PTR`vo>600SM,0*12
!AIVDM,1,1,,B,170gRj?P01Su4:v>MJndJ?v:2L7k,0*54
!AIVDM,1,1,,B,16@P8<PP1F3u0lR>NT7E??v:0D:0,0*6D
!AIVDM,1,1,,A,15VLOJ00P0Su2Vb>MApu=7@:24BP,0*2E
!AIVDM,1,1,,A,18158lh024Sm>4`?5OT;maP80H37,0*47
!AIVDM,1,1,,A,155HAr1000Stu28>MUdh000420T7,0*7A
!AIVDM,1,1,,B,19NS`SPP?w<tSF0l4Q@>4?wv0TBP,0*2D
!AIVDM,1,1,,B,1815GJh0R3So=gp>jm27aV440@3A,0*03
!AIVDM,1,1,,A,171DUp8P00StuP2>ME@c7?v40<8r,0*31
!AIVDM,1,1,,B,37f6GeA0013tUJL>VnNdQBwD0mIJ,0*65
!AIVDM,1,1,,A,17Ww548001Su<CL>WIi85@r:083P,0*3A
!AIVDM,1,1,,B,18L5Cd002A3sG3l>MgIoUF2804BP,0*64
!AIVDM,1,1,,B,170qWD?P?w<tSF0l4Q@>4?wp0W3h,0*7C
!AIVDM,1,1,,A,3E@H8j50003kd6H>LnHL2AD60000,0*54
!AIVDM,1,1,,A,16BbiC8P00SuC5<>NUJf4?v<283e,0*3B
!AIVDM,1,1,,B,13P=s4@00qSsp<P>TOi5EDD>083m,0*54
!AIVDM,1,1,,A,155LCf<0003tumt>MJHqoPJ>0<<f,0*44
!AIVDM,1,1,,B,171:600P00Su3?4>MEav4?v<20SM,0*2C
!AIVDM,1,1,,A,17f6E@@1B?3r<=H?4u4:jpf<0D<P,0*59
!AIVDM,1,1,,A,H9E1ep08iDF1=@5:3;W33?:2220,0*4E
!AIVDM,1,1,,B,1815I>@01P3p3@@>`lMhAB0>04BP,0*32
!AIVDM,1,1,,A,H9E1ep560000000DB1hjqP000000,0*11
!AIVDM,1,1,,A,10;iQCgP00Stw02>M7r:SOv>2<Ew,0*66
!AIVDM,1,1,,A,16?Um9O000Su0Jh>Ln7C5qn>00S9,0*42
!AIVDM,1,1,,A,1718kv80003uChp>KKLLJr0@00R=,0*38
!AIVDM,1,1,,A,15WvdT0P003tu>p>M?DuHgv<0TBP,0*41
!AIVDM,1,1,,A,1815?w@02:Srt5t>usK3eRv8084E,0*4F
!AIVDM,1,1,,B,18QdE7001h3sLot>HPFV@Tp@0<A3,0*49
!AIVDM,1,1,,B,18156>0P00StuW0>MEBf4?v>2L9C,0*20
!AIVDM,1,1,,A,1718563P?w<tSF0l4Q@>4?v>0`4J,0*76
Signal caught, exiting!
Reattached kernel driver
